0 verbose cli /opt/homebrew/Cellar/node/24.5.0/bin/node /opt/homebrew/bin/npm
1 info using npm@11.5.1
2 info using node@v24.5.0
3 silly config load:file:/opt/homebrew/lib/node_modules/npm/npmrc
4 silly config load:file:/Users/dcaric/Working/ml/AntigravityMessages/.npmrc
5 silly config load:file:/Users/dcaric/.npmrc
6 silly config load:file:/opt/homebrew/etc/npmrc
7 verbose title npm install @ffmpeg-installer/ffmpeg fluent-ffmpeg
8 verbose argv "install" "--cache" ".npm_cache" "@ffmpeg-installer/ffmpeg" "fluent-ffmpeg"
9 verbose logfile logs-max:10 dir:/Users/dcaric/Working/ml/AntigravityMessages/.npm_cache/_logs/2026-02-14T20_50_58_963Z-
10 verbose logfile /Users/dcaric/Working/ml/AntigravityMessages/.npm_cache/_logs/2026-02-14T20_50_58_963Z-debug-0.log
11 silly logfile done cleaning log files
12 silly packumentCache heap:4496293888 maxSize:1124073472 maxEntrySize:562036736
13 silly idealTree buildDeps
14 silly fetch manifest @ffmpeg-installer/ffmpeg@*
15 silly packumentCache full:https://registry.npmjs.org/@ffmpeg-installer%2fffmpeg cache-miss
16 http fetch GET 200 https://registry.npmjs.org/@ffmpeg-installer%2fffmpeg 795ms (cache miss)
17 silly packumentCache full:https://registry.npmjs.org/@ffmpeg-installer%2fffmpeg set size:undefined disposed:false
18 silly fetch manifest fluent-ffmpeg@*
19 silly packumentCache full:https://registry.npmjs.org/fluent-ffmpeg cache-miss
20 http fetch GET 200 https://registry.npmjs.org/fluent-ffmpeg 310ms (cache miss)
21 silly packumentCache full:https://registry.npmjs.org/fluent-ffmpeg set size:undefined disposed:false
22 silly placeDep ROOT @ffmpeg-installer/ffmpeg@1.1.0 OK for:  want: *
23 silly placeDep ROOT fluent-ffmpeg@2.1.3 OK for:  want: *
24 silly fetch manifest @ffmpeg-installer/darwin-arm64@4.1.5
25 silly packumentCache full:https://registry.npmjs.org/@ffmpeg-installer%2fdarwin-arm64 cache-miss
26 silly fetch manifest @ffmpeg-installer/darwin-x64@4.1.0
27 silly packumentCache full:https://registry.npmjs.org/@ffmpeg-installer%2fdarwin-x64 cache-miss
28 silly fetch manifest @ffmpeg-installer/linux-arm@4.1.3
29 silly packumentCache full:https://registry.npmjs.org/@ffmpeg-installer%2flinux-arm cache-miss
30 silly fetch manifest @ffmpeg-installer/linux-arm64@4.1.4
31 silly packumentCache full:https://registry.npmjs.org/@ffmpeg-installer%2flinux-arm64 cache-miss
32 silly fetch manifest @ffmpeg-installer/linux-ia32@4.1.0
33 silly packumentCache full:https://registry.npmjs.org/@ffmpeg-installer%2flinux-ia32 cache-miss
34 silly fetch manifest @ffmpeg-installer/linux-x64@4.1.0
35 silly packumentCache full:https://registry.npmjs.org/@ffmpeg-installer%2flinux-x64 cache-miss
36 silly fetch manifest @ffmpeg-installer/win32-ia32@4.1.0
37 silly packumentCache full:https://registry.npmjs.org/@ffmpeg-installer%2fwin32-ia32 cache-miss
38 http fetch GET 200 https://registry.npmjs.org/@ffmpeg-installer%2fdarwin-arm64 916ms (cache miss)
39 silly packumentCache full:https://registry.npmjs.org/@ffmpeg-installer%2fdarwin-arm64 set size:undefined disposed:false
40 silly fetch manifest @ffmpeg-installer/win32-x64@4.1.0
41 silly packumentCache full:https://registry.npmjs.org/@ffmpeg-installer%2fwin32-x64 cache-miss
42 http fetch GET 200 https://registry.npmjs.org/@ffmpeg-installer%2fwin32-ia32 920ms (cache miss)
43 silly packumentCache full:https://registry.npmjs.org/@ffmpeg-installer%2fwin32-ia32 set size:undefined disposed:false
44 silly fetch manifest async@^0.2.9
45 silly packumentCache full:https://registry.npmjs.org/async cache-miss
46 http fetch GET 200 https://registry.npmjs.org/@ffmpeg-installer%2flinux-arm64 922ms (cache miss)
47 silly packumentCache full:https://registry.npmjs.org/@ffmpeg-installer%2flinux-arm64 set size:undefined disposed:false
48 silly fetch manifest which@^1.1.1
49 silly packumentCache full:https://registry.npmjs.org/which cache-miss
50 http fetch GET 200 https://registry.npmjs.org/@ffmpeg-installer%2fdarwin-x64 922ms (cache miss)
51 silly packumentCache full:https://registry.npmjs.org/@ffmpeg-installer%2fdarwin-x64 set size:undefined disposed:false
52 http fetch GET 200 https://registry.npmjs.org/@ffmpeg-installer%2flinux-x64 944ms (cache miss)
53 silly packumentCache full:https://registry.npmjs.org/@ffmpeg-installer%2flinux-x64 set size:undefined disposed:false
54 http fetch GET 200 https://registry.npmjs.org/@ffmpeg-installer%2flinux-ia32 1079ms (cache miss)
55 silly packumentCache full:https://registry.npmjs.org/@ffmpeg-installer%2flinux-ia32 set size:undefined disposed:false
56 http fetch GET 200 https://registry.npmjs.org/@ffmpeg-installer%2flinux-arm 1085ms (cache miss)
57 silly packumentCache full:https://registry.npmjs.org/@ffmpeg-installer%2flinux-arm set size:undefined disposed:false
58 http fetch GET 200 https://registry.npmjs.org/which 252ms (cache miss)
59 silly packumentCache full:https://registry.npmjs.org/which set size:undefined disposed:false
60 http fetch GET 200 https://registry.npmjs.org/async 308ms (cache miss)
61 silly packumentCache full:https://registry.npmjs.org/async set size:undefined disposed:false
62 http fetch GET 200 https://registry.npmjs.org/@ffmpeg-installer%2fwin32-x64 535ms (cache miss)
63 silly packumentCache full:https://registry.npmjs.org/@ffmpeg-installer%2fwin32-x64 set size:undefined disposed:false
64 silly placeDep ROOT @ffmpeg-installer/darwin-arm64@4.1.5 OK for: @ffmpeg-installer/ffmpeg@1.1.0 want: 4.1.5
65 silly placeDep ROOT @ffmpeg-installer/darwin-x64@4.1.0 OK for: @ffmpeg-installer/ffmpeg@1.1.0 want: 4.1.0
66 silly placeDep ROOT @ffmpeg-installer/linux-arm@4.1.3 OK for: @ffmpeg-installer/ffmpeg@1.1.0 want: 4.1.3
67 silly placeDep ROOT @ffmpeg-installer/linux-arm64@4.1.4 OK for: @ffmpeg-installer/ffmpeg@1.1.0 want: 4.1.4
68 silly placeDep ROOT @ffmpeg-installer/linux-ia32@4.1.0 OK for: @ffmpeg-installer/ffmpeg@1.1.0 want: 4.1.0
69 silly placeDep ROOT @ffmpeg-installer/linux-x64@4.1.0 OK for: @ffmpeg-installer/ffmpeg@1.1.0 want: 4.1.0
70 silly placeDep ROOT @ffmpeg-installer/win32-ia32@4.1.0 OK for: @ffmpeg-installer/ffmpeg@1.1.0 want: 4.1.0
71 silly placeDep ROOT @ffmpeg-installer/win32-x64@4.1.0 OK for: @ffmpeg-installer/ffmpeg@1.1.0 want: 4.1.0
72 silly placeDep ROOT async@0.2.10 OK for: fluent-ffmpeg@2.1.3 want: ^0.2.9
73 silly placeDep ROOT which@1.3.1 OK for: fluent-ffmpeg@2.1.3 want: ^1.1.1
74 silly fetch manifest isexe@^2.0.0
75 silly packumentCache full:https://registry.npmjs.org/isexe cache-miss
76 http fetch GET 200 https://registry.npmjs.org/isexe 174ms (cache miss)
77 silly packumentCache full:https://registry.npmjs.org/isexe set size:undefined disposed:false
78 silly placeDep ROOT isexe@2.0.0 OK for: which@1.3.1 want: ^2.0.0
79 silly reify moves {}
80 silly audit bulk request {
80 silly audit   '@borewit/text-codec': [ '0.2.1' ],
80 silly audit   '@cacheable/memory': [ '2.0.7' ],
80 silly audit   '@cacheable/node-cache': [ '1.7.6' ],
80 silly audit   '@cacheable/utils': [ '2.3.4' ],
80 silly audit   '@hapi/boom': [ '9.1.4' ],
80 silly audit   '@hapi/hoek': [ '9.3.0' ],
80 silly audit   '@img/colour': [ '1.0.0' ],
80 silly audit   '@keyv/bigmap': [ '1.3.1' ],
80 silly audit   '@keyv/serialize': [ '1.1.1' ],
80 silly audit   '@pinojs/redact': [ '0.4.0' ],
80 silly audit   '@protobufjs/aspromise': [ '1.1.2' ],
80 silly audit   '@protobufjs/base64': [ '1.1.2' ],
80 silly audit   '@protobufjs/codegen': [ '2.0.4' ],
80 silly audit   '@protobufjs/eventemitter': [ '1.1.0' ],
80 silly audit   '@protobufjs/fetch': [ '1.1.0' ],
80 silly audit   '@protobufjs/float': [ '1.0.2' ],
80 silly audit   '@protobufjs/inquire': [ '1.1.0' ],
80 silly audit   '@protobufjs/path': [ '1.1.2' ],
80 silly audit   '@protobufjs/pool': [ '1.1.0' ],
80 silly audit   '@protobufjs/utf8': [ '1.1.0' ],
80 silly audit   '@tokenizer/inflate': [ '0.4.1' ],
80 silly audit   '@tokenizer/token': [ '0.3.0' ],
80 silly audit   '@types/long': [ '4.0.2' ],
80 silly audit   '@types/node': [ '25.2.3', '10.17.60' ],
80 silly audit   '@whiskeysockets/baileys': [ '7.0.0-rc.9' ],
80 silly audit   pino: [ '9.14.0', '10.3.1' ],
80 silly audit   'pino-abstract-transport': [ '2.0.0', '3.0.0' ],
80 silly audit   'thread-stream': [ '3.1.0', '4.0.0' ],
80 silly audit   accepts: [ '2.0.0' ],
80 silly audit   'mime-db': [ '1.54.0', '1.52.0' ],
80 silly audit   'mime-types': [ '3.0.2', '2.1.35' ],
80 silly audit   'async-mutex': [ '0.5.0' ],
80 silly audit   asynckit: [ '0.4.0' ],
80 silly audit   'atomic-sleep': [ '1.0.0' ],
80 silly audit   axios: [ '1.13.5' ],
80 silly audit   'body-parser': [ '2.2.2' ],
80 silly audit   bytes: [ '3.1.2' ],
80 silly audit   cacheable: [ '2.3.2' ],
80 silly audit   'call-bind-apply-helpers': [ '1.0.2' ],
80 silly audit   'call-bound': [ '1.0.4' ],
80 silly audit   'combined-stream': [ '1.0.8' ],
80 silly audit   'content-disposition': [ '1.0.1' ],
80 silly audit   'content-type': [ '1.0.5' ],
80 silly audit   cookie: [ '0.7.2' ],
80 silly audit   'cookie-signature': [ '1.2.2' ],
80 silly audit   'curve25519-js': [ '0.0.4' ],
80 silly audit   debug: [ '4.4.3' ],
80 silly audit   'delayed-stream': [ '1.0.0' ],
80 silly audit   depd: [ '2.0.0' ],
80 silly audit   'detect-libc': [ '2.1.2' ],
80 silly audit   'dunder-proto': [ '1.0.1' ],
80 silly audit   'ee-first': [ '1.1.1' ],
80 silly audit   encodeurl: [ '2.0.0' ],
80 silly audit   'es-define-property': [ '1.0.1' ],
80 silly audit   'es-errors': [ '1.3.0' ],
80 silly audit   'es-object-atoms': [ '1.1.1' ],
80 silly audit   'es-set-tostringtag': [ '2.1.0' ],
80 silly audit   'escape-html': [ '1.0.3' ],
80 silly audit   etag: [ '1.8.1' ],
80 silly audit   eventemitter3: [ '5.0.4' ],
80 silly audit   express: [ '5.2.1' ],
80 silly audit   'file-type': [ '21.3.0' ],
80 silly audit   finalhandler: [ '2.1.1' ],
80 silly audit   'follow-redirects': [ '1.15.11' ],
80 silly audit   'form-data': [ '4.0.5' ],
80 silly audit   forwarded: [ '0.2.0' ],
80 silly audit   fresh: [ '2.0.0' ],
80 silly audit   'function-bind': [ '1.1.2' ],
80 silly audit   'get-intrinsic': [ '1.3.0' ],
80 silly audit   'get-proto': [ '1.0.1' ],
80 silly audit   gopd: [ '1.2.0' ],
80 silly audit   'has-symbols': [ '1.1.0' ],
80 silly audit   'has-tostringtag': [ '1.0.2' ],
80 silly audit   hashery: [ '1.4.0' ],
80 silly audit   hasown: [ '2.0.2' ],
80 silly audit   hookified: [ '1.15.1' ],
80 silly audit   'http-errors': [ '2.0.1' ],
80 silly audit   'iconv-lite': [ '0.7.2' ],
80 silly audit   ieee754: [ '1.2.1' ],
80 silly audit   inherits: [ '2.0.4' ],
80 silly audit   'ipaddr.js': [ '1.9.1' ],
80 silly audit   'is-promise': [ '4.0.0' ],
80 silly audit   keyv: [ '5.6.0' ],
80 silly audit   '@whiskeysockets/libsignal-node': [ '2.0.1' ],
80 silly audit   long: [ '4.0.0', '5.3.2' ],
80 silly audit   protobufjs: [ '6.8.8', '7.5.4' ],
80 silly audit   'lru-cache': [ '11.2.6' ],
80 silly audit   'math-intrinsics': [ '1.1.0' ],
80 silly audit   'media-typer': [ '1.1.0' ],
80 silly audit   'merge-descriptors': [ '2.0.0' ],
80 silly audit   ms: [ '2.1.3' ],
80 silly audit   'music-metadata': [ '11.12.0' ],
80 silly audit   negotiator: [ '1.0.0' ],
80 silly audit   'object-inspect': [ '1.13.4' ],
80 silly audit   'on-exit-leak-free': [ '2.1.2' ],
80 silly audit   'on-finished': [ '2.4.1' ],
80 silly audit   once: [ '1.4.0' ],
80 silly audit   'p-queue': [ '9.1.0' ],
80 silly audit   'p-timeout': [ '7.0.1' ],
80 silly audit   parseurl: [ '1.3.3' ],
80 silly audit   'path-to-regexp': [ '8.3.0' ],
80 silly audit   'pino-std-serializers': [ '7.1.0' ],
80 silly audit   'process-warning': [ '5.0.0' ],
80 silly audit   'proxy-addr': [ '2.0.7' ],
80 silly audit   'proxy-from-env': [ '1.1.0' ],
80 silly audit   qified: [ '0.6.0' ],
80 silly audit   'qrcode-terminal': [ '0.12.0' ],
80 silly audit   qs: [ '6.14.2' ],
80 silly audit   'quick-format-unescaped': [ '4.0.4' ],
80 silly audit   'range-parser': [ '1.2.1' ],
80 silly audit   'raw-body': [ '3.0.2' ],
80 silly audit   'real-require': [ '0.2.0' ],
80 silly audit   router: [ '2.2.0' ],
80 silly audit   'safe-stable-stringify': [ '2.5.0' ],
80 silly audit   'safer-buffer': [ '2.1.2' ],
80 silly audit   semver: [ '7.7.4' ],
80 silly audit   send: [ '1.2.1' ],
80 silly audit   'serve-static': [ '2.2.1' ],
80 silly audit   setprototypeof: [ '1.2.0' ],
80 silly audit   sharp: [ '0.34.5' ],
80 silly audit   'side-channel': [ '1.1.0' ],
80 silly audit   'side-channel-list': [ '1.0.0' ],
80 silly audit   'side-channel-map': [ '1.0.1' ],
80 silly audit   'side-channel-weakmap': [ '1.0.2' ],
80 silly audit   'sonic-boom': [ '4.2.1' ],
80 silly audit   split2: [ '4.2.0' ],
80 silly audit   statuses: [ '2.0.2' ],
80 silly audit   strtok3: [ '10.3.4' ],
80 silly audit   toidentifier: [ '1.0.1' ],
80 silly audit   'token-types': [ '6.1.2' ],
80 silly audit   tslib: [ '2.8.1' ],
80 silly audit   'type-is': [ '2.0.1' ],
80 silly audit   'uint8array-extras': [ '1.5.0' ],
80 silly audit   'undici-types': [ '7.16.0' ],
80 silly audit   unpipe: [ '1.0.0' ],
80 silly audit   vary: [ '1.1.2' ],
80 silly audit   'win-guid': [ '0.2.1' ],
80 silly audit   wrappy: [ '1.0.2' ],
80 silly audit   ws: [ '8.19.0' ],
80 silly audit   '@ffmpeg-installer/ffmpeg': [ '1.1.0' ],
80 silly audit   'fluent-ffmpeg': [ '2.1.3' ],
80 silly audit   '@ffmpeg-installer/darwin-arm64': [ '4.1.5' ],
80 silly audit   '@ffmpeg-installer/darwin-x64': [ '4.1.0' ],
80 silly audit   '@ffmpeg-installer/linux-arm': [ '4.1.3' ],
80 silly audit   '@ffmpeg-installer/linux-arm64': [ '4.1.4' ],
80 silly audit   '@ffmpeg-installer/linux-ia32': [ '4.1.0' ],
80 silly audit   '@ffmpeg-installer/linux-x64': [ '4.1.0' ],
80 silly audit   '@ffmpeg-installer/win32-ia32': [ '4.1.0' ],
80 silly audit   '@ffmpeg-installer/win32-x64': [ '4.1.0' ],
80 silly audit   async: [ '0.2.10' ],
80 silly audit   which: [ '1.3.1' ],
80 silly audit   isexe: [ '2.0.0' ]
80 silly audit }
81 verbose reify failed optional dependency /Users/dcaric/Working/ml/AntigravityMessages/node_modules/@ffmpeg-installer/win32-x64
82 silly reify mark deleted [
82 silly reify   '/Users/dcaric/Working/ml/AntigravityMessages/node_modules/@ffmpeg-installer/win32-x64'
82 silly reify ]
83 verbose reify failed optional dependency /Users/dcaric/Working/ml/AntigravityMessages/node_modules/@ffmpeg-installer/win32-ia32
84 silly reify mark deleted [
84 silly reify   '/Users/dcaric/Working/ml/AntigravityMessages/node_modules/@ffmpeg-installer/win32-ia32'
84 silly reify ]
85 verbose reify failed optional dependency /Users/dcaric/Working/ml/AntigravityMessages/node_modules/@ffmpeg-installer/linux-x64
86 silly reify mark deleted [
86 silly reify   '/Users/dcaric/Working/ml/AntigravityMessages/node_modules/@ffmpeg-installer/linux-x64'
86 silly reify ]
87 verbose reify failed optional dependency /Users/dcaric/Working/ml/AntigravityMessages/node_modules/@ffmpeg-installer/linux-ia32
88 silly reify mark deleted [
88 silly reify   '/Users/dcaric/Working/ml/AntigravityMessages/node_modules/@ffmpeg-installer/linux-ia32'
88 silly reify ]
89 verbose reify failed optional dependency /Users/dcaric/Working/ml/AntigravityMessages/node_modules/@ffmpeg-installer/linux-arm64
90 silly reify mark deleted [
90 silly reify   '/Users/dcaric/Working/ml/AntigravityMessages/node_modules/@ffmpeg-installer/linux-arm64'
90 silly reify ]
91 verbose reify failed optional dependency /Users/dcaric/Working/ml/AntigravityMessages/node_modules/@ffmpeg-installer/linux-arm
92 silly reify mark deleted [
92 silly reify   '/Users/dcaric/Working/ml/AntigravityMessages/node_modules/@ffmpeg-installer/linux-arm'
92 silly reify ]
93 verbose reify failed optional dependency /Users/dcaric/Working/ml/AntigravityMessages/node_modules/@ffmpeg-installer/darwin-x64
94 silly reify mark deleted [
94 silly reify   '/Users/dcaric/Working/ml/AntigravityMessages/node_modules/@ffmpeg-installer/darwin-x64'
94 silly reify ]
95 http cache isexe@https://registry.npmjs.org/isexe/-/isexe-2.0.0.tgz 0ms (cache hit)
96 http cache async@https://registry.npmjs.org/async/-/async-0.2.10.tgz 0ms (cache hit)
97 http cache which@https://registry.npmjs.org/which/-/which-1.3.1.tgz 0ms (cache hit)
98 http cache fluent-ffmpeg@https://registry.npmjs.org/fluent-ffmpeg/-/fluent-ffmpeg-2.1.3.tgz 0ms (cache hit)
99 http cache @ffmpeg-installer/darwin-arm64@https://registry.npmjs.org/@ffmpeg-installer/darwin-arm64/-/darwin-arm64-4.1.5.tgz 0ms (cache hit)
100 http cache @ffmpeg-installer/ffmpeg@https://registry.npmjs.org/@ffmpeg-installer/ffmpeg/-/ffmpeg-1.1.0.tgz 1ms (cache hit)
101 silly tarball no local data for async@https://registry.npmjs.org/async/-/async-0.2.10.tgz. Extracting by manifest.
102 silly tarball no local data for fluent-ffmpeg@https://registry.npmjs.org/fluent-ffmpeg/-/fluent-ffmpeg-2.1.3.tgz. Extracting by manifest.
103 silly tarball no local data for isexe@https://registry.npmjs.org/isexe/-/isexe-2.0.0.tgz. Extracting by manifest.
104 silly tarball no local data for @ffmpeg-installer/ffmpeg@https://registry.npmjs.org/@ffmpeg-installer/ffmpeg/-/ffmpeg-1.1.0.tgz. Extracting by manifest.
105 silly tarball no local data for which@https://registry.npmjs.org/which/-/which-1.3.1.tgz. Extracting by manifest.
106 silly tarball no local data for @ffmpeg-installer/darwin-arm64@https://registry.npmjs.org/@ffmpeg-installer/darwin-arm64/-/darwin-arm64-4.1.5.tgz. Extracting by manifest.
107 http fetch GET 200 https://registry.npmjs.org/isexe/-/isexe-2.0.0.tgz 107ms (cache miss)
108 http fetch GET 200 https://registry.npmjs.org/which/-/which-1.3.1.tgz 106ms (cache miss)
109 http fetch GET 200 https://registry.npmjs.org/async/-/async-0.2.10.tgz 196ms (cache miss)
110 http fetch POST 200 https://registry.npmjs.org/-/npm/v1/security/advisories/bulk 417ms
111 silly audit report {}
112 warn tar TAR_ENTRY_ERROR EPERM: operation not permitted, open '/Users/dcaric/Working/ml/AntigravityMessages/node_modules/@ffmpeg-installer/ffmpeg/.env'
113 silly tar TAR_ENTRY_ERROR EPERM: operation not permitted, open '/Users/dcaric/Working/ml/AntigravityMessages/node_modules/@ffmpeg-installer/ffmpeg/.env' [Error: EPERM: operation not permitted, open '/Users/dcaric/Working/ml/AntigravityMessages/node_modules/@ffmpeg-installer/ffmpeg/.env'] {
113 silly tar   errno: -1,
113 silly tar   code: 'EPERM',
113 silly tar   syscall: 'open',
113 silly tar   path: '/Users/dcaric/Working/ml/AntigravityMessages/node_modules/@ffmpeg-installer/ffmpeg/.env',
113 silly tar   entry: ReadEntry {
113 silly tar     _events: [Object: null prototype] {},
113 silly tar     _eventsCount: 0,
113 silly tar     _maxListeners: undefined,
113 silly tar     writable: false,
113 silly tar     readable: false,
113 silly tar     extended: null,
113 silly tar     globalExtended: null,
113 silly tar     header: Header {
113 silly tar       cksumValid: true,
113 silly tar       needPax: false,
113 silly tar       nullBlock: false,
113 silly tar       block: null,
113 silly tar       path: 'package/.env',
113 silly tar       mode: 420,
113 silly tar       uid: null,
113 silly tar       gid: null,
113 silly tar       size: 54,
113 silly tar       mtime: 1985-10-26T08:15:00.000Z,
113 silly tar       cksum: 4139,
113 silly tar       linkpath: '',
113 silly tar       uname: '',
113 silly tar       gname: '',
113 silly tar       devmaj: 0,
113 silly tar       devmin: 0,
113 silly tar       atime: null,
113 silly tar       ctime: null,
113 silly tar       Symbol(type): '0'
113 silly tar     },
113 silly tar     startBlockSize: 512,
113 silly tar     blockRemain: 0,
113 silly tar     remain: 0,
113 silly tar     type: 'File',
113 silly tar     meta: false,
113 silly tar     ignore: false,
113 silly tar     path: '.env',
113 silly tar     mode: 438,
113 silly tar     uid: null,
113 silly tar     gid: null,
113 silly tar     uname: '',
113 silly tar     gname: '',
113 silly tar     size: 54,
113 silly tar     mtime: 1985-10-26T08:15:00.000Z,
113 silly tar     atime: null,
113 silly tar     ctime: null,
113 silly tar     linkpath: '',
113 silly tar     absolute: '/Users/dcaric/Working/ml/AntigravityMessages/node_modules/@ffmpeg-installer/ffmpeg/.env',
113 silly tar     Symbol(shapeMode): false,
113 silly tar     Symbol(kCapture): false,
113 silly tar     Symbol(flowing): false,
113 silly tar     Symbol(paused): true,
113 silly tar     Symbol(pipes): [ [Pipe] ],
113 silly tar     Symbol(buffer): [],
113 silly tar     Symbol(objectMode): false,
113 silly tar     Symbol(encoding): null,
113 silly tar     Symbol(async): false,
113 silly tar     Symbol(decoder): null,
113 silly tar     Symbol(EOF): true,
113 silly tar     Symbol(emittedEnd): true,
113 silly tar     Symbol(emittingEnd): false,
113 silly tar     Symbol(closed): false,
113 silly tar     Symbol(emittedError): null,
113 silly tar     Symbol(bufferLength): 0,
113 silly tar     Symbol(destroyed): false,
113 silly tar     Symbol(signal): undefined,
113 silly tar     Symbol(aborted): false
113 silly tar   },
113 silly tar   cwd: '/Users/dcaric/Working/ml/AntigravityMessages/node_modules/@ffmpeg-installer/ffmpeg',
113 silly tar   tarCode: 'TAR_ENTRY_ERROR'
113 silly tar }
114 http fetch GET 200 https://registry.npmjs.org/@ffmpeg-installer/ffmpeg/-/ffmpeg-1.1.0.tgz 658ms (cache miss)
115 http fetch GET 200 https://registry.npmjs.org/fluent-ffmpeg/-/fluent-ffmpeg-2.1.3.tgz 688ms (cache miss)
116 warn deprecated fluent-ffmpeg@2.1.3: Package no longer supported. Contact Support at https://www.npmjs.com/support for more info.
117 http fetch GET 200 https://registry.npmjs.org/@ffmpeg-installer/darwin-arm64/-/darwin-arm64-4.1.5.tgz 2776ms (cache miss)
118 info run @ffmpeg-installer/darwin-arm64@4.1.5 postinstall node_modules/@ffmpeg-installer/darwin-arm64 chmod u+x ffmpeg
119 info run @ffmpeg-installer/darwin-arm64@4.1.5 postinstall { code: 0, signal: null }
120 silly ADD node_modules/isexe
121 silly ADD node_modules/which
122 silly ADD node_modules/async
123 silly ADD node_modules/@ffmpeg-installer/win32-x64
124 silly ADD node_modules/@ffmpeg-installer/win32-ia32
125 silly ADD node_modules/@ffmpeg-installer/linux-x64
126 silly ADD node_modules/@ffmpeg-installer/linux-ia32
127 silly ADD node_modules/@ffmpeg-installer/linux-arm64
128 silly ADD node_modules/@ffmpeg-installer/linux-arm
129 silly ADD node_modules/@ffmpeg-installer/darwin-x64
130 silly ADD node_modules/@ffmpeg-installer/darwin-arm64
131 silly ADD node_modules/fluent-ffmpeg
132 silly ADD node_modules/@ffmpeg-installer/ffmpeg
133 verbose cwd /Users/dcaric/Working/ml/AntigravityMessages
134 verbose os Darwin 25.3.0
135 verbose node v24.5.0
136 verbose npm  v11.5.1
137 verbose exit 0
138 info ok
