0 verbose cli /opt/homebrew/Cellar/node/24.5.0/bin/node /opt/homebrew/bin/npm
1 info using npm@11.5.1
2 info using node@v24.5.0
3 silly config load:file:/opt/homebrew/lib/node_modules/npm/npmrc
4 silly config load:file:/Users/dcaric/Working/ml/AntigravityMessages/.npmrc
5 silly config load:file:/Users/dcaric/.npmrc
6 silly config load:file:/opt/homebrew/etc/npmrc
7 verbose title npm install @whiskeysockets/baileys pino qrcode-terminal
8 verbose argv "install" "--cache" ".npm_cache" "@whiskeysockets/baileys" "pino" "qrcode-terminal"
9 verbose logfile logs-max:10 dir:/Users/dcaric/Working/ml/AntigravityMessages/.npm_cache/_logs/2026-02-14T20_18_47_702Z-
10 verbose logfile /Users/dcaric/Working/ml/AntigravityMessages/.npm_cache/_logs/2026-02-14T20_18_47_702Z-debug-0.log
11 silly logfile done cleaning log files
12 silly packumentCache heap:4496293888 maxSize:1124073472 maxEntrySize:562036736
13 silly idealTree buildDeps
14 silly fetch manifest @whiskeysockets/baileys@*
15 silly packumentCache full:https://registry.npmjs.org/@whiskeysockets%2fbaileys cache-miss
16 http fetch GET 200 https://registry.npmjs.org/@whiskeysockets%2fbaileys 449ms (cache miss)
17 silly packumentCache full:https://registry.npmjs.org/@whiskeysockets%2fbaileys set size:undefined disposed:false
18 silly fetch manifest audio-decode@^2.1.3
19 silly packumentCache full:https://registry.npmjs.org/audio-decode cache-miss
20 http cache https://registry.npmjs.org/audio-decode 3ms (cache hit)
21 silly packumentCache full:https://registry.npmjs.org/audio-decode set size:68555 disposed:false
22 silly fetch manifest jimp@^1.6.0
23 silly packumentCache full:https://registry.npmjs.org/jimp cache-miss
24 http cache https://registry.npmjs.org/jimp 3ms (cache hit)
25 silly packumentCache full:https://registry.npmjs.org/jimp set size:1192935 disposed:false
26 silly fetch manifest link-preview-js@^3.0.0
27 silly packumentCache full:https://registry.npmjs.org/link-preview-js cache-miss
28 http cache https://registry.npmjs.org/link-preview-js 5ms (cache hit)
29 silly packumentCache full:https://registry.npmjs.org/link-preview-js set size:145310 disposed:false
30 silly fetch manifest sharp@*
31 silly packumentCache full:https://registry.npmjs.org/sharp cache-miss
32 http cache https://registry.npmjs.org/sharp 3ms (cache hit)
33 silly packumentCache full:https://registry.npmjs.org/sharp set size:1034463 disposed:false
34 silly fetch manifest pino@*
35 silly packumentCache full:https://registry.npmjs.org/pino cache-miss
36 http cache https://registry.npmjs.org/pino 3ms (cache hit)
37 silly packumentCache full:https://registry.npmjs.org/pino set size:1274379 disposed:false
38 silly fetch manifest qrcode-terminal@*
39 silly packumentCache full:https://registry.npmjs.org/qrcode-terminal cache-miss
40 http cache https://registry.npmjs.org/qrcode-terminal 5ms (cache hit)
41 silly packumentCache full:https://registry.npmjs.org/qrcode-terminal set size:29799 disposed:false
42 silly placeDep ROOT @whiskeysockets/baileys@7.0.0-rc.9 OK for:  want: *
43 silly placeDep ROOT sharp@0.34.5 OK for: @whiskeysockets/baileys@7.0.0-rc.9 want: *
44 silly placeDep ROOT pino@10.3.1 OK for:  want: *
45 silly placeDep ROOT qrcode-terminal@0.12.0 OK for:  want: *
46 silly fetch manifest @cacheable/node-cache@^1.4.0
47 silly packumentCache full:https://registry.npmjs.org/@cacheable%2fnode-cache cache-miss
48 silly fetch manifest @hapi/boom@^9.1.3
49 silly packumentCache full:https://registry.npmjs.org/@hapi%2fboom cache-miss
50 silly fetch manifest async-mutex@^0.5.0
51 silly packumentCache full:https://registry.npmjs.org/async-mutex cache-miss
52 silly fetch manifest libsignal@git+https://github.com/whiskeysockets/libsignal-node.git
53 silly fetch manifest lru-cache@^11.1.0
54 silly packumentCache full:https://registry.npmjs.org/lru-cache cache-miss
55 silly fetch manifest music-metadata@^11.7.0
56 silly packumentCache full:https://registry.npmjs.org/music-metadata cache-miss
57 silly fetch manifest p-queue@^9.0.0
58 silly packumentCache full:https://registry.npmjs.org/p-queue cache-miss
59 http cache https://registry.npmjs.org/async-mutex 8ms (cache hit)
60 silly packumentCache full:https://registry.npmjs.org/async-mutex set size:76106 disposed:false
61 silly fetch manifest pino@^9.6
62 silly packumentCache full:https://registry.npmjs.org/pino cache-miss
63 http cache https://registry.npmjs.org/music-metadata 8ms (cache hit)
64 silly packumentCache full:https://registry.npmjs.org/music-metadata set size:1264592 disposed:false
65 silly fetch manifest protobufjs@^7.2.4
66 silly packumentCache full:https://registry.npmjs.org/protobufjs cache-miss
67 http cache https://registry.npmjs.org/@cacheable%2fnode-cache 15ms (cache hit)
68 silly packumentCache full:https://registry.npmjs.org/@cacheable%2fnode-cache set size:88990 disposed:false
69 silly fetch manifest ws@^8.13.0
70 silly packumentCache full:https://registry.npmjs.org/ws cache-miss
71 http cache https://registry.npmjs.org/@hapi%2fboom 15ms (cache hit)
72 silly packumentCache full:https://registry.npmjs.org/@hapi%2fboom set size:55554 disposed:false
73 silly fetch manifest semver@^7.7.3
74 silly packumentCache full:https://registry.npmjs.org/semver cache-miss
75 http cache https://registry.npmjs.org/pino 9ms (cache hit)
76 silly packumentCache full:https://registry.npmjs.org/pino set size:1274379 disposed:false
77 silly fetch manifest @img/colour@^1.0.0
78 silly packumentCache full:https://registry.npmjs.org/@img%2fcolour cache-miss
79 http cache https://registry.npmjs.org/protobufjs 12ms (cache hit)
80 silly packumentCache full:https://registry.npmjs.org/protobufjs set size:635352 disposed:false
81 silly fetch manifest detect-libc@^2.1.2
82 silly packumentCache full:https://registry.npmjs.org/detect-libc cache-miss
83 http cache https://registry.npmjs.org/ws 13ms (cache hit)
84 silly packumentCache full:https://registry.npmjs.org/ws set size:413307 disposed:false
85 silly fetch manifest @img/sharp-wasm32@0.34.5
86 silly packumentCache full:https://registry.npmjs.org/@img%2fsharp-wasm32 cache-miss
87 http cache https://registry.npmjs.org/semver 17ms (cache hit)
88 silly packumentCache full:https://registry.npmjs.org/semver set size:229678 disposed:false
89 silly fetch manifest @img/sharp-linux-arm@0.34.5
90 silly packumentCache full:https://registry.npmjs.org/@img%2fsharp-linux-arm cache-miss
91 http cache https://registry.npmjs.org/@img%2fcolour 15ms (cache hit)
92 silly packumentCache full:https://registry.npmjs.org/@img%2fcolour set size:7189 disposed:false
93 silly fetch manifest @img/sharp-linux-x64@0.34.5
94 silly packumentCache full:https://registry.npmjs.org/@img%2fsharp-linux-x64 cache-miss
95 http cache https://registry.npmjs.org/detect-libc 11ms (cache hit)
96 silly packumentCache full:https://registry.npmjs.org/detect-libc set size:47861 disposed:false
97 silly fetch manifest @img/sharp-win32-x64@0.34.5
98 silly packumentCache full:https://registry.npmjs.org/@img%2fsharp-win32-x64 cache-miss
99 http cache https://registry.npmjs.org/@img%2fsharp-wasm32 8ms (cache hit)
100 silly packumentCache full:https://registry.npmjs.org/@img%2fsharp-wasm32 set size:61337 disposed:false
101 silly fetch manifest @img/sharp-darwin-x64@0.34.5
102 silly packumentCache full:https://registry.npmjs.org/@img%2fsharp-darwin-x64 cache-miss
103 http cache https://registry.npmjs.org/@img%2fsharp-linux-arm 7ms (cache hit)
104 silly packumentCache full:https://registry.npmjs.org/@img%2fsharp-linux-arm set size:66643 disposed:false
105 silly fetch manifest @img/sharp-win32-ia32@0.34.5
106 silly packumentCache full:https://registry.npmjs.org/@img%2fsharp-win32-ia32 cache-miss
107 http cache https://registry.npmjs.org/@img%2fsharp-linux-x64 3ms (cache hit)
108 silly packumentCache full:https://registry.npmjs.org/@img%2fsharp-linux-x64 set size:66311 disposed:false
109 silly fetch manifest @img/sharp-linux-arm64@0.34.5
110 silly packumentCache full:https://registry.npmjs.org/@img%2fsharp-linux-arm64 cache-miss
111 http cache https://registry.npmjs.org/@img%2fsharp-darwin-x64 2ms (cache hit)
112 silly packumentCache full:https://registry.npmjs.org/@img%2fsharp-darwin-x64 set size:65222 disposed:false
113 silly fetch manifest @img/sharp-linux-ppc64@0.34.5
114 silly packumentCache full:https://registry.npmjs.org/@img%2fsharp-linux-ppc64 cache-miss
115 http cache https://registry.npmjs.org/@img%2fsharp-win32-x64 4ms (cache hit)
116 silly packumentCache full:https://registry.npmjs.org/@img%2fsharp-win32-x64 set size:64388 disposed:false
117 silly fetch manifest @img/sharp-linux-s390x@0.34.5
118 silly packumentCache full:https://registry.npmjs.org/@img%2fsharp-linux-s390x cache-miss
119 http cache https://registry.npmjs.org/@img%2fsharp-win32-ia32 2ms (cache hit)
120 silly packumentCache full:https://registry.npmjs.org/@img%2fsharp-win32-ia32 set size:65002 disposed:false
121 silly fetch manifest @img/sharp-win32-arm64@0.34.5
122 silly packumentCache full:https://registry.npmjs.org/@img%2fsharp-win32-arm64 cache-miss
123 http cache https://registry.npmjs.org/@img%2fsharp-linux-arm64 3ms (cache hit)
124 silly packumentCache full:https://registry.npmjs.org/@img%2fsharp-linux-arm64 set size:67207 disposed:false
125 silly fetch manifest @img/sharp-darwin-arm64@0.34.5
126 silly packumentCache full:https://registry.npmjs.org/@img%2fsharp-darwin-arm64 cache-miss
127 http cache https://registry.npmjs.org/@img%2fsharp-linux-ppc64 2ms (cache hit)
128 silly packumentCache full:https://registry.npmjs.org/@img%2fsharp-linux-ppc64 set size:31912 disposed:false
129 silly fetch manifest @img/sharp-linux-riscv64@0.34.5
130 silly packumentCache full:https://registry.npmjs.org/@img%2fsharp-linux-riscv64 cache-miss
131 http cache https://registry.npmjs.org/@img%2fsharp-linux-s390x 2ms (cache hit)
132 silly packumentCache full:https://registry.npmjs.org/@img%2fsharp-linux-s390x set size:65172 disposed:false
133 silly fetch manifest @img/sharp-linuxmusl-x64@0.34.5
134 silly packumentCache full:https://registry.npmjs.org/@img%2fsharp-linuxmusl-x64 cache-miss
135 http cache https://registry.npmjs.org/@img%2fsharp-win32-arm64 2ms (cache hit)
136 silly packumentCache full:https://registry.npmjs.org/@img%2fsharp-win32-arm64 set size:23941 disposed:false
137 silly fetch manifest @img/sharp-linuxmusl-arm64@0.34.5
138 silly packumentCache full:https://registry.npmjs.org/@img%2fsharp-linuxmusl-arm64 cache-miss
139 http cache https://registry.npmjs.org/@img%2fsharp-darwin-arm64 2ms (cache hit)
140 silly packumentCache full:https://registry.npmjs.org/@img%2fsharp-darwin-arm64 set size:66119 disposed:false
141 silly fetch manifest @img/sharp-libvips-linux-arm@1.2.4
142 silly packumentCache full:https://registry.npmjs.org/@img%2fsharp-libvips-linux-arm cache-miss
143 http cache https://registry.npmjs.org/@img%2fsharp-linuxmusl-x64 1ms (cache hit)
144 silly packumentCache full:https://registry.npmjs.org/@img%2fsharp-linuxmusl-x64 set size:67400 disposed:false
145 silly fetch manifest @img/sharp-libvips-linux-x64@1.2.4
146 silly packumentCache full:https://registry.npmjs.org/@img%2fsharp-libvips-linux-x64 cache-miss
147 http cache https://registry.npmjs.org/@img%2fsharp-linux-riscv64 3ms (cache hit)
148 silly packumentCache full:https://registry.npmjs.org/@img%2fsharp-linux-riscv64 set size:8972 disposed:false
149 silly fetch manifest @img/sharp-libvips-darwin-x64@1.2.4
150 silly packumentCache full:https://registry.npmjs.org/@img%2fsharp-libvips-darwin-x64 cache-miss
151 http cache https://registry.npmjs.org/@img%2fsharp-linuxmusl-arm64 3ms (cache hit)
152 silly packumentCache full:https://registry.npmjs.org/@img%2fsharp-linuxmusl-arm64 set size:68298 disposed:false
153 silly fetch manifest @img/sharp-libvips-linux-arm64@1.2.4
154 silly packumentCache full:https://registry.npmjs.org/@img%2fsharp-libvips-linux-arm64 cache-miss
155 http cache https://registry.npmjs.org/@img%2fsharp-libvips-linux-x64 1ms (cache hit)
156 silly packumentCache full:https://registry.npmjs.org/@img%2fsharp-libvips-linux-x64 set size:56678 disposed:false
157 silly fetch manifest @img/sharp-libvips-linux-ppc64@1.2.4
158 silly packumentCache full:https://registry.npmjs.org/@img%2fsharp-libvips-linux-ppc64 cache-miss
159 http cache https://registry.npmjs.org/@img%2fsharp-libvips-linux-arm 3ms (cache hit)
160 silly packumentCache full:https://registry.npmjs.org/@img%2fsharp-libvips-linux-arm set size:58624 disposed:false
161 silly fetch manifest @img/sharp-libvips-linux-s390x@1.2.4
162 silly packumentCache full:https://registry.npmjs.org/@img%2fsharp-libvips-linux-s390x cache-miss
163 http cache https://registry.npmjs.org/@img%2fsharp-libvips-darwin-x64 2ms (cache hit)
164 silly packumentCache full:https://registry.npmjs.org/@img%2fsharp-libvips-darwin-x64 set size:51923 disposed:false
165 silly fetch manifest @img/sharp-libvips-darwin-arm64@1.2.4
166 silly packumentCache full:https://registry.npmjs.org/@img%2fsharp-libvips-darwin-arm64 cache-miss
167 http cache https://registry.npmjs.org/@img%2fsharp-libvips-linux-arm64 2ms (cache hit)
168 silly packumentCache full:https://registry.npmjs.org/@img%2fsharp-libvips-linux-arm64 set size:55489 disposed:false
169 silly fetch manifest @img/sharp-libvips-linux-riscv64@1.2.4
170 silly packumentCache full:https://registry.npmjs.org/@img%2fsharp-libvips-linux-riscv64 cache-miss
171 http cache https://registry.npmjs.org/@img%2fsharp-libvips-linux-s390x 2ms (cache hit)
172 silly packumentCache full:https://registry.npmjs.org/@img%2fsharp-libvips-linux-s390x set size:51696 disposed:false
173 silly fetch manifest @img/sharp-libvips-linuxmusl-x64@1.2.4
174 silly packumentCache full:https://registry.npmjs.org/@img%2fsharp-libvips-linuxmusl-x64 cache-miss
175 http cache https://registry.npmjs.org/@img%2fsharp-libvips-linux-ppc64 3ms (cache hit)
176 silly packumentCache full:https://registry.npmjs.org/@img%2fsharp-libvips-linux-ppc64 set size:42709 disposed:false
177 silly fetch manifest @img/sharp-libvips-linuxmusl-arm64@1.2.4
178 silly packumentCache full:https://registry.npmjs.org/@img%2fsharp-libvips-linuxmusl-arm64 cache-miss
179 http cache https://registry.npmjs.org/@img%2fsharp-libvips-darwin-arm64 3ms (cache hit)
180 silly packumentCache full:https://registry.npmjs.org/@img%2fsharp-libvips-darwin-arm64 set size:52515 disposed:false
181 silly fetch manifest atomic-sleep@^1.0.0
182 silly packumentCache full:https://registry.npmjs.org/atomic-sleep cache-miss
183 http cache https://registry.npmjs.org/@img%2fsharp-libvips-linux-riscv64 2ms (cache hit)
184 silly packumentCache full:https://registry.npmjs.org/@img%2fsharp-libvips-linux-riscv64 set size:28633 disposed:false
185 silly fetch manifest on-exit-leak-free@^2.1.0
186 silly packumentCache full:https://registry.npmjs.org/on-exit-leak-free cache-miss
187 http cache https://registry.npmjs.org/@img%2fsharp-libvips-linuxmusl-x64 2ms (cache hit)
188 silly packumentCache full:https://registry.npmjs.org/@img%2fsharp-libvips-linuxmusl-x64 set size:53685 disposed:false
189 silly fetch manifest pino-abstract-transport@^3.0.0
190 silly packumentCache full:https://registry.npmjs.org/pino-abstract-transport cache-miss
191 http cache https://registry.npmjs.org/@img%2fsharp-libvips-linuxmusl-arm64 2ms (cache hit)
192 silly packumentCache full:https://registry.npmjs.org/@img%2fsharp-libvips-linuxmusl-arm64 set size:54314 disposed:false
193 silly fetch manifest pino-std-serializers@^7.0.0
194 silly packumentCache full:https://registry.npmjs.org/pino-std-serializers cache-miss
195 http cache https://registry.npmjs.org/atomic-sleep 3ms (cache hit)
196 silly packumentCache full:https://registry.npmjs.org/atomic-sleep set size:5192 disposed:false
197 silly fetch manifest process-warning@^5.0.0
198 silly packumentCache full:https://registry.npmjs.org/process-warning cache-miss
199 http cache https://registry.npmjs.org/on-exit-leak-free 2ms (cache hit)
200 silly packumentCache full:https://registry.npmjs.org/on-exit-leak-free set size:18719 disposed:false
201 silly fetch manifest quick-format-unescaped@^4.0.3
202 silly packumentCache full:https://registry.npmjs.org/quick-format-unescaped cache-miss
203 http cache https://registry.npmjs.org/pino-abstract-transport 2ms (cache hit)
204 silly packumentCache full:https://registry.npmjs.org/pino-abstract-transport set size:28687 disposed:false
205 silly fetch manifest real-require@^0.2.0
206 silly packumentCache full:https://registry.npmjs.org/real-require cache-miss
207 http cache https://registry.npmjs.org/pino-std-serializers 2ms (cache hit)
208 silly packumentCache full:https://registry.npmjs.org/pino-std-serializers set size:96176 disposed:false
209 silly fetch manifest safe-stable-stringify@^2.3.1
210 silly packumentCache full:https://registry.npmjs.org/safe-stable-stringify cache-miss
211 http cache https://registry.npmjs.org/process-warning 2ms (cache hit)
212 silly packumentCache full:https://registry.npmjs.org/process-warning set size:32480 disposed:false
213 silly fetch manifest @pinojs/redact@^0.4.0
214 silly packumentCache full:https://registry.npmjs.org/@pinojs%2fredact cache-miss
215 http cache https://registry.npmjs.org/quick-format-unescaped 3ms (cache hit)
216 silly packumentCache full:https://registry.npmjs.org/quick-format-unescaped set size:36121 disposed:false
217 silly fetch manifest sonic-boom@^4.0.1
218 silly packumentCache full:https://registry.npmjs.org/sonic-boom cache-miss
219 http cache https://registry.npmjs.org/real-require 3ms (cache hit)
220 silly packumentCache full:https://registry.npmjs.org/real-require set size:9152 disposed:false
221 silly fetch manifest thread-stream@^4.0.0
222 silly packumentCache full:https://registry.npmjs.org/thread-stream cache-miss
223 http cache https://registry.npmjs.org/safe-stable-stringify 3ms (cache hit)
224 silly packumentCache full:https://registry.npmjs.org/safe-stable-stringify set size:45091 disposed:false
225 http cache https://registry.npmjs.org/@pinojs%2fredact 3ms (cache hit)
226 silly packumentCache full:https://registry.npmjs.org/@pinojs%2fredact set size:16907 disposed:false
227 http cache https://registry.npmjs.org/sonic-boom 3ms (cache hit)
228 silly packumentCache full:https://registry.npmjs.org/sonic-boom set size:168983 disposed:false
229 http cache https://registry.npmjs.org/thread-stream 5ms (cache hit)
230 silly packumentCache full:https://registry.npmjs.org/thread-stream set size:127672 disposed:false
231 http fetch GET 200 https://registry.npmjs.org/p-queue 126ms (cache miss)
232 silly packumentCache full:https://registry.npmjs.org/p-queue set size:undefined disposed:false
233 http fetch GET 200 https://registry.npmjs.org/lru-cache 237ms (cache miss)
234 silly packumentCache full:https://registry.npmjs.org/lru-cache set size:undefined disposed:false
235 silly fetch manifest bufferutil@^4.0.1
236 silly packumentCache full:https://registry.npmjs.org/bufferutil cache-miss
237 http cache https://registry.npmjs.org/bufferutil 1ms (cache hit)
238 silly packumentCache full:https://registry.npmjs.org/bufferutil set size:52763 disposed:false
239 silly fetch manifest utf-8-validate@>=5.0.2
240 silly packumentCache full:https://registry.npmjs.org/utf-8-validate cache-miss
241 http cache https://registry.npmjs.org/utf-8-validate 1ms (cache hit)
242 silly packumentCache full:https://registry.npmjs.org/utf-8-validate set size:77148 disposed:false
243 silly placeDep ROOT @cacheable/node-cache@1.7.6 OK for: @whiskeysockets/baileys@7.0.0-rc.9 want: ^1.4.0
244 silly placeDep ROOT @hapi/boom@9.1.4 OK for: @whiskeysockets/baileys@7.0.0-rc.9 want: ^9.1.3
245 silly placeDep ROOT async-mutex@0.5.0 OK for: @whiskeysockets/baileys@7.0.0-rc.9 want: ^0.5.0
246 silly placeDep ROOT libsignal@2.0.1 OK for: @whiskeysockets/baileys@7.0.0-rc.9 want: git+https://github.com/whiskeysockets/libsignal-node.git
247 silly placeDep ROOT lru-cache@11.2.6 OK for: @whiskeysockets/baileys@7.0.0-rc.9 want: ^11.1.0
248 silly placeDep ROOT music-metadata@11.12.0 OK for: @whiskeysockets/baileys@7.0.0-rc.9 want: ^11.7.0
249 silly placeDep ROOT p-queue@9.1.0 OK for: @whiskeysockets/baileys@7.0.0-rc.9 want: ^9.0.0
250 silly placeDep node_modules/@whiskeysockets/baileys pino@9.14.0 OK for: @whiskeysockets/baileys@7.0.0-rc.9 want: ^9.6
251 silly placeDep ROOT protobufjs@7.5.4 OK for: @whiskeysockets/baileys@7.0.0-rc.9 want: ^7.2.4
252 silly placeDep ROOT ws@8.19.0 OK for: @whiskeysockets/baileys@7.0.0-rc.9 want: ^8.13.0
253 silly fetch manifest keyv@^5.5.5
254 silly packumentCache full:https://registry.npmjs.org/keyv cache-miss
255 silly fetch manifest cacheable@^2.3.1
256 silly packumentCache full:https://registry.npmjs.org/cacheable cache-miss
257 silly fetch manifest hookified@^1.14.0
258 silly packumentCache full:https://registry.npmjs.org/hookified cache-miss
259 silly fetch manifest @hapi/hoek@9.x.x
260 silly packumentCache full:https://registry.npmjs.org/@hapi%2fhoek cache-miss
261 silly fetch manifest tslib@^2.4.0
262 silly packumentCache full:https://registry.npmjs.org/tslib cache-miss
263 silly fetch manifest curve25519-js@^0.0.4
264 silly packumentCache full:https://registry.npmjs.org/curve25519-js cache-miss
265 silly fetch manifest protobufjs@6.8.8
266 silly packumentCache full:https://registry.npmjs.org/protobufjs cache-hit
267 silly fetch manifest @borewit/text-codec@^0.2.1
268 silly packumentCache full:https://registry.npmjs.org/@borewit%2ftext-codec cache-miss
269 http cache https://registry.npmjs.org/keyv 3ms (cache hit)
270 silly packumentCache full:https://registry.npmjs.org/keyv set size:235223 disposed:false
271 silly fetch manifest @tokenizer/token@^0.3.0
272 silly packumentCache full:https://registry.npmjs.org/@tokenizer%2ftoken cache-miss
273 http cache https://registry.npmjs.org/cacheable 4ms (cache hit)
274 silly packumentCache full:https://registry.npmjs.org/cacheable set size:147609 disposed:false
275 silly fetch manifest content-type@^1.0.5
276 silly packumentCache full:https://registry.npmjs.org/content-type cache-miss
277 http cache https://registry.npmjs.org/@hapi%2fhoek 6ms (cache hit)
278 silly packumentCache full:https://registry.npmjs.org/@hapi%2fhoek set size:121527 disposed:false
279 silly fetch manifest debug@^4.4.3
280 silly packumentCache full:https://registry.npmjs.org/debug cache-miss
281 http cache https://registry.npmjs.org/hookified 7ms (cache hit)
282 silly packumentCache full:https://registry.npmjs.org/hookified set size:110982 disposed:false
283 silly fetch manifest file-type@^21.3.0
284 silly packumentCache full:https://registry.npmjs.org/file-type cache-miss
285 http cache https://registry.npmjs.org/curve25519-js 8ms (cache hit)
286 silly packumentCache full:https://registry.npmjs.org/curve25519-js set size:15295 disposed:false
287 silly fetch manifest media-typer@^1.1.0
288 silly packumentCache full:https://registry.npmjs.org/media-typer cache-miss
289 http cache https://registry.npmjs.org/tslib 8ms (cache hit)
290 silly packumentCache full:https://registry.npmjs.org/tslib set size:108760 disposed:false
291 silly fetch manifest strtok3@^10.3.4
292 silly packumentCache full:https://registry.npmjs.org/strtok3 cache-miss
293 http cache https://registry.npmjs.org/@borewit%2ftext-codec 8ms (cache hit)
294 silly packumentCache full:https://registry.npmjs.org/@borewit%2ftext-codec set size:14185 disposed:false
295 silly fetch manifest token-types@^6.1.2
296 silly packumentCache full:https://registry.npmjs.org/token-types cache-miss
297 http cache https://registry.npmjs.org/@tokenizer%2ftoken 6ms (cache hit)
298 silly packumentCache full:https://registry.npmjs.org/@tokenizer%2ftoken set size:11833 disposed:false
299 silly fetch manifest uint8array-extras@^1.5.0
300 silly packumentCache full:https://registry.npmjs.org/uint8array-extras cache-miss
301 http cache https://registry.npmjs.org/content-type 5ms (cache hit)
302 silly packumentCache full:https://registry.npmjs.org/content-type set size:17311 disposed:false
303 silly fetch manifest win-guid@^0.2.1
304 silly packumentCache full:https://registry.npmjs.org/win-guid cache-miss
305 http cache https://registry.npmjs.org/debug 4ms (cache hit)
306 silly packumentCache full:https://registry.npmjs.org/debug set size:195840 disposed:false
307 silly fetch manifest eventemitter3@^5.0.1
308 silly packumentCache full:https://registry.npmjs.org/eventemitter3 cache-miss
309 http cache https://registry.npmjs.org/media-typer 4ms (cache hit)
310 silly packumentCache full:https://registry.npmjs.org/media-typer set size:20873 disposed:false
311 silly fetch manifest p-timeout@^7.0.0
312 silly packumentCache full:https://registry.npmjs.org/p-timeout cache-miss
313 http cache https://registry.npmjs.org/file-type 5ms (cache hit)
314 silly packumentCache full:https://registry.npmjs.org/file-type set size:536399 disposed:false
315 silly fetch manifest thread-stream@^3.0.0
316 silly packumentCache full:https://registry.npmjs.org/thread-stream cache-hit
317 silly fetch manifest pino-abstract-transport@^2.0.0
318 silly packumentCache full:https://registry.npmjs.org/pino-abstract-transport cache-hit
319 silly fetch manifest long@^5.0.0
320 silly packumentCache full:https://registry.npmjs.org/long cache-miss
321 http cache https://registry.npmjs.org/strtok3 8ms (cache hit)
322 silly packumentCache full:https://registry.npmjs.org/strtok3 set size:409207 disposed:false
323 silly fetch manifest @types/node@>=13.7.0
324 silly packumentCache full:https://registry.npmjs.org/@types%2fnode cache-miss
325 http cache https://registry.npmjs.org/win-guid 12ms (cache hit)
326 silly packumentCache full:https://registry.npmjs.org/win-guid set size:11017 disposed:false
327 silly fetch manifest @protobufjs/path@^1.1.2
328 silly packumentCache full:https://registry.npmjs.org/@protobufjs%2fpath cache-miss
329 http cache https://registry.npmjs.org/token-types 14ms (cache hit)
330 silly packumentCache full:https://registry.npmjs.org/token-types set size:155133 disposed:false
331 silly fetch manifest @protobufjs/pool@^1.1.0
332 silly packumentCache full:https://registry.npmjs.org/@protobufjs%2fpool cache-miss
333 http cache https://registry.npmjs.org/uint8array-extras 14ms (cache hit)
334 silly packumentCache full:https://registry.npmjs.org/uint8array-extras set size:36606 disposed:false
335 silly fetch manifest @protobufjs/utf8@^1.1.0
336 silly packumentCache full:https://registry.npmjs.org/@protobufjs%2futf8 cache-miss
337 http cache https://registry.npmjs.org/long 9ms (cache hit)
338 silly packumentCache full:https://registry.npmjs.org/long set size:80704 disposed:false
339 silly fetch manifest @protobufjs/fetch@^1.1.0
340 silly packumentCache full:https://registry.npmjs.org/@protobufjs%2ffetch cache-miss
341 http cache https://registry.npmjs.org/@types%2fnode 17ms (cache hit)
342 silly packumentCache full:https://registry.npmjs.org/@types%2fnode set size:10858893 disposed:false
343 silly fetch manifest @protobufjs/float@^1.0.2
344 silly packumentCache full:https://registry.npmjs.org/@protobufjs%2ffloat cache-miss
345 http cache https://registry.npmjs.org/@protobufjs%2fpath 56ms (cache hit)
346 silly packumentCache full:https://registry.npmjs.org/@protobufjs%2fpath set size:10241 disposed:false
347 silly fetch manifest @protobufjs/base64@^1.1.2
348 silly packumentCache full:https://registry.npmjs.org/@protobufjs%2fbase64 cache-miss
349 http cache https://registry.npmjs.org/@protobufjs%2fpool 55ms (cache hit)
350 silly packumentCache full:https://registry.npmjs.org/@protobufjs%2fpool set size:10727 disposed:false
351 silly fetch manifest @protobufjs/codegen@^2.0.4
352 silly packumentCache full:https://registry.npmjs.org/@protobufjs%2fcodegen cache-miss
353 http cache https://registry.npmjs.org/@protobufjs%2futf8 56ms (cache hit)
354 silly packumentCache full:https://registry.npmjs.org/@protobufjs%2futf8 set size:13750 disposed:false
355 silly fetch manifest @protobufjs/inquire@^1.1.0
356 silly packumentCache full:https://registry.npmjs.org/@protobufjs%2finquire cache-miss
357 http cache https://registry.npmjs.org/@protobufjs%2ffetch 55ms (cache hit)
358 silly packumentCache full:https://registry.npmjs.org/@protobufjs%2ffetch set size:10099 disposed:false
359 silly fetch manifest @protobufjs/aspromise@^1.1.2
360 silly packumentCache full:https://registry.npmjs.org/@protobufjs%2faspromise cache-miss
361 http cache https://registry.npmjs.org/@protobufjs%2ffloat 3ms (cache hit)
362 silly packumentCache full:https://registry.npmjs.org/@protobufjs%2ffloat set size:9957 disposed:false
363 silly fetch manifest @protobufjs/eventemitter@^1.1.0
364 silly packumentCache full:https://registry.npmjs.org/@protobufjs%2feventemitter cache-miss
365 http cache https://registry.npmjs.org/@protobufjs%2fbase64 2ms (cache hit)
366 silly packumentCache full:https://registry.npmjs.org/@protobufjs%2fbase64 set size:14176 disposed:false
367 http cache https://registry.npmjs.org/@protobufjs%2fcodegen 2ms (cache hit)
368 silly packumentCache full:https://registry.npmjs.org/@protobufjs%2fcodegen set size:22005 disposed:false
369 http cache https://registry.npmjs.org/@protobufjs%2faspromise 2ms (cache hit)
370 silly packumentCache full:https://registry.npmjs.org/@protobufjs%2faspromise set size:11438 disposed:false
371 http cache https://registry.npmjs.org/@protobufjs%2finquire 2ms (cache hit)
372 silly packumentCache full:https://registry.npmjs.org/@protobufjs%2finquire set size:6983 disposed:false
373 http cache https://registry.npmjs.org/@protobufjs%2feventemitter 1ms (cache hit)
374 silly packumentCache full:https://registry.npmjs.org/@protobufjs%2feventemitter set size:11306 disposed:false
375 http fetch GET 200 https://registry.npmjs.org/p-timeout 112ms (cache miss)
376 silly packumentCache full:https://registry.npmjs.org/p-timeout set size:undefined disposed:false
377 http fetch GET 200 https://registry.npmjs.org/eventemitter3 120ms (cache miss)
378 silly packumentCache full:https://registry.npmjs.org/eventemitter3 set size:undefined disposed:false
379 silly placeDep ROOT cacheable@2.3.2 OK for: @cacheable/node-cache@1.7.6 want: ^2.3.1
380 silly placeDep ROOT hookified@1.15.1 OK for: @cacheable/node-cache@1.7.6 want: ^1.14.0
381 silly placeDep ROOT keyv@5.6.0 OK for: @cacheable/node-cache@1.7.6 want: ^5.5.5
382 silly fetch manifest hookified@^1.15.0
383 silly packumentCache full:https://registry.npmjs.org/hookified cache-hit
384 silly fetch manifest qified@^0.6.0
385 silly packumentCache full:https://registry.npmjs.org/qified cache-miss
386 silly fetch manifest @cacheable/memory@^2.0.7
387 silly packumentCache full:https://registry.npmjs.org/@cacheable%2fmemory cache-miss
388 silly fetch manifest @cacheable/utils@^2.3.3
389 silly packumentCache full:https://registry.npmjs.org/@cacheable%2futils cache-miss
390 silly fetch manifest @keyv/serialize@^1.1.1
391 silly packumentCache full:https://registry.npmjs.org/@keyv%2fserialize cache-miss
392 http cache https://registry.npmjs.org/qified 2ms (cache hit)
393 silly packumentCache full:https://registry.npmjs.org/qified set size:52516 disposed:false
394 http cache https://registry.npmjs.org/@cacheable%2fmemory 2ms (cache hit)
395 silly packumentCache full:https://registry.npmjs.org/@cacheable%2fmemory set size:47199 disposed:false
396 http cache https://registry.npmjs.org/@cacheable%2futils 3ms (cache hit)
397 silly packumentCache full:https://registry.npmjs.org/@cacheable%2futils set size:55303 disposed:false
398 http cache https://registry.npmjs.org/@keyv%2fserialize 2ms (cache hit)
399 silly packumentCache full:https://registry.npmjs.org/@keyv%2fserialize set size:19441 disposed:false
400 silly placeDep ROOT @hapi/hoek@9.3.0 OK for: @hapi/boom@9.1.4 want: 9.x.x
401 silly placeDep ROOT tslib@2.8.1 OK for: async-mutex@0.5.0 want: ^2.4.0
402 silly placeDep ROOT @cacheable/memory@2.0.7 OK for: cacheable@2.3.2 want: ^2.0.7
403 silly placeDep ROOT @cacheable/utils@2.3.4 OK for: cacheable@2.3.2 want: ^2.3.3
404 silly placeDep ROOT qified@0.6.0 OK for: cacheable@2.3.2 want: ^0.6.0
405 silly fetch manifest @keyv/bigmap@^1.3.0
406 silly packumentCache full:https://registry.npmjs.org/@keyv%2fbigmap cache-miss
407 silly fetch manifest hashery@^1.3.0
408 silly packumentCache full:https://registry.npmjs.org/hashery cache-miss
409 http cache https://registry.npmjs.org/@keyv%2fbigmap 2ms (cache hit)
410 silly packumentCache full:https://registry.npmjs.org/@keyv%2fbigmap set size:34863 disposed:false
411 http cache https://registry.npmjs.org/hashery 2ms (cache hit)
412 silly packumentCache full:https://registry.npmjs.org/hashery set size:60573 disposed:false
413 silly placeDep ROOT @keyv/bigmap@1.3.1 OK for: @cacheable/memory@2.0.7 want: ^1.3.0
414 silly fetch manifest hashery@^1.4.0
415 silly packumentCache full:https://registry.npmjs.org/hashery cache-hit
416 silly placeDep ROOT hashery@1.4.0 OK for: @cacheable/utils@2.3.4 want: ^1.3.0
417 silly placeDep ROOT @keyv/serialize@1.1.1 OK for: keyv@5.6.0 want: ^1.1.1
418 silly placeDep ROOT curve25519-js@0.0.4 OK for: @whiskeysockets/libsignal-node@2.0.1 want: ^0.0.4
419 silly placeDep node_modules/libsignal protobufjs@6.8.8 OK for: @whiskeysockets/libsignal-node@2.0.1 want: 6.8.8
420 silly fetch manifest long@^4.0.0
421 silly packumentCache full:https://registry.npmjs.org/long cache-hit
422 silly fetch manifest @types/long@^4.0.0
423 silly packumentCache full:https://registry.npmjs.org/@types%2flong cache-miss
424 silly fetch manifest @types/node@^10.1.0
425 silly packumentCache full:https://registry.npmjs.org/@types%2fnode cache-miss
426 http cache https://registry.npmjs.org/@types%2flong 2ms (cache hit)
427 silly packumentCache full:https://registry.npmjs.org/@types%2flong set size:28711 disposed:false
428 http cache https://registry.npmjs.org/@types%2fnode 8ms (cache hit)
429 silly packumentCache full:https://registry.npmjs.org/@types%2fnode set size:10858893 disposed:false
430 silly placeDep ROOT @borewit/text-codec@0.2.1 OK for: music-metadata@11.12.0 want: ^0.2.1
431 silly placeDep ROOT @tokenizer/token@0.3.0 OK for: music-metadata@11.12.0 want: ^0.3.0
432 silly placeDep ROOT content-type@1.0.5 OK for: music-metadata@11.12.0 want: ^1.0.5
433 silly placeDep ROOT debug@4.4.3 OK for: music-metadata@11.12.0 want: ^4.4.3
434 silly placeDep ROOT file-type@21.3.0 OK for: music-metadata@11.12.0 want: ^21.3.0
435 silly placeDep ROOT media-typer@1.1.0 OK for: music-metadata@11.12.0 want: ^1.1.0
436 silly placeDep ROOT strtok3@10.3.4 OK for: music-metadata@11.12.0 want: ^10.3.4
437 silly placeDep ROOT token-types@6.1.2 OK for: music-metadata@11.12.0 want: ^6.1.2
438 silly placeDep ROOT uint8array-extras@1.5.0 OK for: music-metadata@11.12.0 want: ^1.5.0
439 silly placeDep ROOT win-guid@0.2.1 OK for: music-metadata@11.12.0 want: ^0.2.1
440 silly fetch manifest ms@^2.1.3
441 silly packumentCache full:https://registry.npmjs.org/ms cache-miss
442 silly fetch manifest @tokenizer/inflate@^0.4.1
443 silly packumentCache full:https://registry.npmjs.org/@tokenizer%2finflate cache-miss
444 silly fetch manifest token-types@^6.1.1
445 silly packumentCache full:https://registry.npmjs.org/token-types cache-hit
446 silly fetch manifest uint8array-extras@^1.4.0
447 silly packumentCache full:https://registry.npmjs.org/uint8array-extras cache-hit
448 silly fetch manifest ieee754@^1.2.1
449 silly packumentCache full:https://registry.npmjs.org/ieee754 cache-miss
450 http cache https://registry.npmjs.org/ieee754 4ms (cache hit)
451 silly packumentCache full:https://registry.npmjs.org/ieee754 set size:34910 disposed:false
452 http cache https://registry.npmjs.org/ms 4ms (cache hit)
453 silly packumentCache full:https://registry.npmjs.org/ms set size:92208 disposed:false
454 http cache https://registry.npmjs.org/@tokenizer%2finflate 5ms (cache hit)
455 silly packumentCache full:https://registry.npmjs.org/@tokenizer%2finflate set size:32390 disposed:false
456 silly placeDep ROOT ms@2.1.3 OK for: debug@4.4.3 want: ^2.1.3
457 silly placeDep ROOT @tokenizer/inflate@0.4.1 OK for: file-type@21.3.0 want: ^0.4.1
458 silly placeDep ROOT eventemitter3@5.0.4 OK for: p-queue@9.1.0 want: ^5.0.1
459 silly placeDep ROOT p-timeout@7.0.1 OK for: p-queue@9.1.0 want: ^7.0.0
460 silly placeDep ROOT @pinojs/redact@0.4.0 OK for: pino@10.3.1 want: ^0.4.0
461 silly placeDep ROOT atomic-sleep@1.0.0 OK for: pino@10.3.1 want: ^1.0.0
462 silly placeDep ROOT on-exit-leak-free@2.1.2 OK for: pino@10.3.1 want: ^2.1.0
463 silly placeDep ROOT pino-abstract-transport@3.0.0 OK for: pino@10.3.1 want: ^3.0.0
464 silly placeDep ROOT pino-std-serializers@7.1.0 OK for: pino@10.3.1 want: ^7.0.0
465 silly placeDep ROOT process-warning@5.0.0 OK for: pino@10.3.1 want: ^5.0.0
466 silly placeDep ROOT quick-format-unescaped@4.0.4 OK for: pino@10.3.1 want: ^4.0.3
467 silly placeDep ROOT real-require@0.2.0 OK for: pino@10.3.1 want: ^0.2.0
468 silly placeDep ROOT safe-stable-stringify@2.5.0 OK for: pino@10.3.1 want: ^2.3.1
469 silly placeDep ROOT sonic-boom@4.2.1 OK for: pino@10.3.1 want: ^4.0.1
470 silly placeDep ROOT thread-stream@4.0.0 OK for: pino@10.3.1 want: ^4.0.0
471 silly fetch manifest split2@^4.0.0
472 silly packumentCache full:https://registry.npmjs.org/split2 cache-miss
473 http cache https://registry.npmjs.org/split2 1ms (cache hit)
474 silly packumentCache full:https://registry.npmjs.org/split2 set size:47438 disposed:false
475 silly placeDep ROOT split2@4.2.0 OK for: pino-abstract-transport@3.0.0 want: ^4.0.0
476 silly placeDep ROOT @protobufjs/aspromise@1.1.2 OK for: protobufjs@7.5.4 want: ^1.1.2
477 silly placeDep ROOT @protobufjs/base64@1.1.2 OK for: protobufjs@7.5.4 want: ^1.1.2
478 silly placeDep ROOT @protobufjs/codegen@2.0.4 OK for: protobufjs@7.5.4 want: ^2.0.4
479 silly placeDep ROOT @protobufjs/eventemitter@1.1.0 OK for: protobufjs@7.5.4 want: ^1.1.0
480 silly placeDep ROOT @protobufjs/fetch@1.1.0 OK for: protobufjs@7.5.4 want: ^1.1.0
481 silly placeDep ROOT @protobufjs/float@1.0.2 OK for: protobufjs@7.5.4 want: ^1.0.2
482 silly placeDep ROOT @protobufjs/inquire@1.1.0 OK for: protobufjs@7.5.4 want: ^1.1.0
483 silly placeDep ROOT @protobufjs/path@1.1.2 OK for: protobufjs@7.5.4 want: ^1.1.2
484 silly placeDep ROOT @protobufjs/pool@1.1.0 OK for: protobufjs@7.5.4 want: ^1.1.0
485 silly placeDep ROOT @protobufjs/utf8@1.1.0 OK for: protobufjs@7.5.4 want: ^1.1.0
486 silly placeDep ROOT @types/node@25.2.3 OK for: protobufjs@7.5.4 want: >=13.7.0
487 silly placeDep ROOT long@5.3.2 OK for: protobufjs@7.5.4 want: ^5.0.0
488 silly fetch manifest undici-types@~7.16.0
489 silly packumentCache full:https://registry.npmjs.org/undici-types cache-miss
490 http cache https://registry.npmjs.org/undici-types 1ms (cache hit)
491 silly packumentCache full:https://registry.npmjs.org/undici-types set size:171546 disposed:false
492 silly placeDep ROOT undici-types@7.16.0 OK for: @types/node@25.2.3 want: ~7.16.0
493 silly placeDep ROOT @img/colour@1.0.0 OK for: sharp@0.34.5 want: ^1.0.0
494 silly placeDep ROOT @img/sharp-darwin-arm64@0.34.5 OK for: sharp@0.34.5 want: 0.34.5
495 silly placeDep ROOT @img/sharp-darwin-x64@0.34.5 OK for: sharp@0.34.5 want: 0.34.5
496 silly placeDep ROOT @img/sharp-libvips-darwin-arm64@1.2.4 OK for: sharp@0.34.5 want: 1.2.4
497 silly placeDep ROOT @img/sharp-libvips-darwin-x64@1.2.4 OK for: sharp@0.34.5 want: 1.2.4
498 silly placeDep ROOT @img/sharp-libvips-linux-arm@1.2.4 OK for: sharp@0.34.5 want: 1.2.4
499 silly placeDep ROOT @img/sharp-libvips-linux-arm64@1.2.4 OK for: sharp@0.34.5 want: 1.2.4
500 silly placeDep ROOT @img/sharp-libvips-linux-ppc64@1.2.4 OK for: sharp@0.34.5 want: 1.2.4
501 silly placeDep ROOT @img/sharp-libvips-linux-riscv64@1.2.4 OK for: sharp@0.34.5 want: 1.2.4
502 silly placeDep ROOT @img/sharp-libvips-linux-s390x@1.2.4 OK for: sharp@0.34.5 want: 1.2.4
503 silly placeDep ROOT @img/sharp-libvips-linux-x64@1.2.4 OK for: sharp@0.34.5 want: 1.2.4
504 silly placeDep ROOT @img/sharp-libvips-linuxmusl-arm64@1.2.4 OK for: sharp@0.34.5 want: 1.2.4
505 silly placeDep ROOT @img/sharp-libvips-linuxmusl-x64@1.2.4 OK for: sharp@0.34.5 want: 1.2.4
506 silly placeDep ROOT @img/sharp-linux-arm@0.34.5 OK for: sharp@0.34.5 want: 0.34.5
507 silly placeDep ROOT @img/sharp-linux-arm64@0.34.5 OK for: sharp@0.34.5 want: 0.34.5
508 silly placeDep ROOT @img/sharp-linux-ppc64@0.34.5 OK for: sharp@0.34.5 want: 0.34.5
509 silly placeDep ROOT @img/sharp-linux-riscv64@0.34.5 OK for: sharp@0.34.5 want: 0.34.5
510 silly placeDep ROOT @img/sharp-linux-s390x@0.34.5 OK for: sharp@0.34.5 want: 0.34.5
511 silly placeDep ROOT @img/sharp-linux-x64@0.34.5 OK for: sharp@0.34.5 want: 0.34.5
512 silly placeDep ROOT @img/sharp-linuxmusl-arm64@0.34.5 OK for: sharp@0.34.5 want: 0.34.5
513 silly placeDep ROOT @img/sharp-linuxmusl-x64@0.34.5 OK for: sharp@0.34.5 want: 0.34.5
514 silly placeDep ROOT @img/sharp-wasm32@0.34.5 OK for: sharp@0.34.5 want: 0.34.5
515 silly placeDep ROOT @img/sharp-win32-arm64@0.34.5 OK for: sharp@0.34.5 want: 0.34.5
516 silly placeDep ROOT @img/sharp-win32-ia32@0.34.5 OK for: sharp@0.34.5 want: 0.34.5
517 silly placeDep ROOT @img/sharp-win32-x64@0.34.5 OK for: sharp@0.34.5 want: 0.34.5
518 silly placeDep ROOT detect-libc@2.1.2 OK for: sharp@0.34.5 want: ^2.1.2
519 silly placeDep ROOT semver@7.7.4 OK for: sharp@0.34.5 want: ^7.7.3
520 silly fetch manifest @emnapi/runtime@^1.7.0
521 silly packumentCache full:https://registry.npmjs.org/@emnapi%2fruntime cache-miss
522 http cache https://registry.npmjs.org/@emnapi%2fruntime 1ms (cache hit)
523 silly packumentCache full:https://registry.npmjs.org/@emnapi%2fruntime set size:99452 disposed:false
524 silly placeDep ROOT @emnapi/runtime@1.8.1 OK for: @img/sharp-wasm32@0.34.5 want: ^1.7.0
525 silly placeDep ROOT ieee754@1.2.1 OK for: token-types@6.1.2 want: ^1.2.1
526 silly placeDep node_modules/@whiskeysockets/baileys pino-abstract-transport@2.0.0 OK for: pino@9.14.0 want: ^2.0.0
527 silly placeDep node_modules/@whiskeysockets/baileys thread-stream@3.1.0 OK for: pino@9.14.0 want: ^3.0.0
528 silly placeDep ROOT @types/long@4.0.2 OK for: protobufjs@6.8.8 want: ^4.0.0
529 silly placeDep node_modules/libsignal @types/node@10.17.60 OK for: protobufjs@6.8.8 want: ^10.1.0
530 silly placeDep node_modules/libsignal long@4.0.0 OK for: protobufjs@6.8.8 want: ^4.0.0
531 silly reify moves {}
532 silly audit bulk request {
532 silly audit   asynckit: [ '0.4.0' ],
532 silly audit   axios: [ '1.13.5' ],
532 silly audit   'call-bind-apply-helpers': [ '1.0.2' ],
532 silly audit   'combined-stream': [ '1.0.8' ],
532 silly audit   'delayed-stream': [ '1.0.0' ],
532 silly audit   'dunder-proto': [ '1.0.1' ],
532 silly audit   'es-define-property': [ '1.0.1' ],
532 silly audit   'es-errors': [ '1.3.0' ],
532 silly audit   'es-object-atoms': [ '1.1.1' ],
532 silly audit   'es-set-tostringtag': [ '2.1.0' ],
532 silly audit   'follow-redirects': [ '1.15.11' ],
532 silly audit   'form-data': [ '4.0.5' ],
532 silly audit   'function-bind': [ '1.1.2' ],
532 silly audit   'get-intrinsic': [ '1.3.0' ],
532 silly audit   'get-proto': [ '1.0.1' ],
532 silly audit   gopd: [ '1.2.0' ],
532 silly audit   'has-symbols': [ '1.1.0' ],
532 silly audit   'has-tostringtag': [ '1.0.2' ],
532 silly audit   hasown: [ '2.0.2' ],
532 silly audit   'math-intrinsics': [ '1.1.0' ],
532 silly audit   'mime-db': [ '1.52.0' ],
532 silly audit   'mime-types': [ '2.1.35' ],
532 silly audit   'proxy-from-env': [ '1.1.0' ],
532 silly audit   '@whiskeysockets/baileys': [ '7.0.0-rc.9' ],
532 silly audit   sharp: [ '0.34.5' ],
532 silly audit   pino: [ '10.3.1', '9.14.0' ],
532 silly audit   'qrcode-terminal': [ '0.12.0' ],
532 silly audit   '@cacheable/node-cache': [ '1.7.6' ],
532 silly audit   '@hapi/boom': [ '9.1.4' ],
532 silly audit   'async-mutex': [ '0.5.0' ],
532 silly audit   '@whiskeysockets/libsignal-node': [ '2.0.1' ],
532 silly audit   'lru-cache': [ '11.2.6' ],
532 silly audit   'music-metadata': [ '11.12.0' ],
532 silly audit   'p-queue': [ '9.1.0' ],
532 silly audit   protobufjs: [ '7.5.4', '6.8.8' ],
532 silly audit   ws: [ '8.19.0' ],
532 silly audit   cacheable: [ '2.3.2' ],
532 silly audit   hookified: [ '1.15.1' ],
532 silly audit   keyv: [ '5.6.0' ],
532 silly audit   '@hapi/hoek': [ '9.3.0' ],
532 silly audit   tslib: [ '2.8.1' ],
532 silly audit   '@cacheable/memory': [ '2.0.7' ],
532 silly audit   '@cacheable/utils': [ '2.3.4' ],
532 silly audit   qified: [ '0.6.0' ],
532 silly audit   '@keyv/bigmap': [ '1.3.1' ],
532 silly audit   hashery: [ '1.4.0' ],
532 silly audit   '@keyv/serialize': [ '1.1.1' ],
532 silly audit   'curve25519-js': [ '0.0.4' ],
532 silly audit   '@borewit/text-codec': [ '0.2.1' ],
532 silly audit   '@tokenizer/token': [ '0.3.0' ],
532 silly audit   'content-type': [ '1.0.5' ],
532 silly audit   debug: [ '4.4.3' ],
532 silly audit   'file-type': [ '21.3.0' ],
532 silly audit   'media-typer': [ '1.1.0' ],
532 silly audit   strtok3: [ '10.3.4' ],
532 silly audit   'token-types': [ '6.1.2' ],
532 silly audit   'uint8array-extras': [ '1.5.0' ],
532 silly audit   'win-guid': [ '0.2.1' ],
532 silly audit   ms: [ '2.1.3' ],
532 silly audit   '@tokenizer/inflate': [ '0.4.1' ],
532 silly audit   eventemitter3: [ '5.0.4' ],
532 silly audit   'p-timeout': [ '7.0.1' ],
532 silly audit   '@pinojs/redact': [ '0.4.0' ],
532 silly audit   'atomic-sleep': [ '1.0.0' ],
532 silly audit   'on-exit-leak-free': [ '2.1.2' ],
532 silly audit   'pino-abstract-transport': [ '3.0.0', '2.0.0' ],
532 silly audit   'pino-std-serializers': [ '7.1.0' ],
532 silly audit   'process-warning': [ '5.0.0' ],
532 silly audit   'quick-format-unescaped': [ '4.0.4' ],
532 silly audit   'real-require': [ '0.2.0' ],
532 silly audit   'safe-stable-stringify': [ '2.5.0' ],
532 silly audit   'sonic-boom': [ '4.2.1' ],
532 silly audit   'thread-stream': [ '4.0.0', '3.1.0' ],
532 silly audit   split2: [ '4.2.0' ],
532 silly audit   '@protobufjs/aspromise': [ '1.1.2' ],
532 silly audit   '@protobufjs/base64': [ '1.1.2' ],
532 silly audit   '@protobufjs/codegen': [ '2.0.4' ],
532 silly audit   '@protobufjs/eventemitter': [ '1.1.0' ],
532 silly audit   '@protobufjs/fetch': [ '1.1.0' ],
532 silly audit   '@protobufjs/float': [ '1.0.2' ],
532 silly audit   '@protobufjs/inquire': [ '1.1.0' ],
532 silly audit   '@protobufjs/path': [ '1.1.2' ],
532 silly audit   '@protobufjs/pool': [ '1.1.0' ],
532 silly audit   '@protobufjs/utf8': [ '1.1.0' ],
532 silly audit   '@types/node': [ '25.2.3', '10.17.60' ],
532 silly audit   long: [ '5.3.2', '4.0.0' ],
532 silly audit   'undici-types': [ '7.16.0' ],
532 silly audit   '@img/colour': [ '1.0.0' ],
532 silly audit   'detect-libc': [ '2.1.2' ],
532 silly audit   semver: [ '7.7.4' ],
532 silly audit   ieee754: [ '1.2.1' ],
532 silly audit   '@types/long': [ '4.0.2' ]
532 silly audit }
533 http cache @types/long@https://registry.npmjs.org/@types/long/-/long-4.0.2.tgz 0ms (cache hit)
534 http cache ieee754@https://registry.npmjs.org/ieee754/-/ieee754-1.2.1.tgz 0ms (cache hit)
535 http cache semver@https://registry.npmjs.org/semver/-/semver-7.7.4.tgz 0ms (cache hit)
536 http cache detect-libc@https://registry.npmjs.org/detect-libc/-/detect-libc-2.1.2.tgz 0ms (cache hit)
537 http cache @img/colour@https://registry.npmjs.org/@img/colour/-/colour-1.0.0.tgz 0ms (cache hit)
538 http cache undici-types@https://registry.npmjs.org/undici-types/-/undici-types-7.16.0.tgz 0ms (cache hit)
539 http cache long@https://registry.npmjs.org/long/-/long-5.3.2.tgz 0ms (cache hit)
540 http cache @protobufjs/pool@https://registry.npmjs.org/@protobufjs/pool/-/pool-1.1.0.tgz 0ms (cache hit)
541 http cache @types/node@https://registry.npmjs.org/@types/node/-/node-25.2.3.tgz 0ms (cache hit)
542 http cache @protobufjs/path@https://registry.npmjs.org/@protobufjs/path/-/path-1.1.2.tgz 0ms (cache hit)
543 http cache @protobufjs/inquire@https://registry.npmjs.org/@protobufjs/inquire/-/inquire-1.1.0.tgz 0ms (cache hit)
544 http cache @protobufjs/utf8@https://registry.npmjs.org/@protobufjs/utf8/-/utf8-1.1.0.tgz 0ms (cache hit)
545 http cache @protobufjs/float@https://registry.npmjs.org/@protobufjs/float/-/float-1.0.2.tgz 0ms (cache hit)
546 http cache @protobufjs/fetch@https://registry.npmjs.org/@protobufjs/fetch/-/fetch-1.1.0.tgz 0ms (cache hit)
547 http cache @protobufjs/eventemitter@https://registry.npmjs.org/@protobufjs/eventemitter/-/eventemitter-1.1.0.tgz 0ms (cache hit)
548 http cache @protobufjs/codegen@https://registry.npmjs.org/@protobufjs/codegen/-/codegen-2.0.4.tgz 0ms (cache hit)
549 http cache @protobufjs/base64@https://registry.npmjs.org/@protobufjs/base64/-/base64-1.1.2.tgz 0ms (cache hit)
550 http cache split2@https://registry.npmjs.org/split2/-/split2-4.2.0.tgz 0ms (cache hit)
551 http cache thread-stream@https://registry.npmjs.org/thread-stream/-/thread-stream-4.0.0.tgz 0ms (cache hit)
552 http cache @protobufjs/aspromise@https://registry.npmjs.org/@protobufjs/aspromise/-/aspromise-1.1.2.tgz 0ms (cache hit)
553 http cache sonic-boom@https://registry.npmjs.org/sonic-boom/-/sonic-boom-4.2.1.tgz 0ms (cache hit)
554 http cache safe-stable-stringify@https://registry.npmjs.org/safe-stable-stringify/-/safe-stable-stringify-2.5.0.tgz 0ms (cache hit)
555 http cache real-require@https://registry.npmjs.org/real-require/-/real-require-0.2.0.tgz 0ms (cache hit)
556 http cache quick-format-unescaped@https://registry.npmjs.org/quick-format-unescaped/-/quick-format-unescaped-4.0.4.tgz 0ms (cache hit)
557 http cache process-warning@https://registry.npmjs.org/process-warning/-/process-warning-5.0.0.tgz 0ms (cache hit)
558 http cache pino-std-serializers@https://registry.npmjs.org/pino-std-serializers/-/pino-std-serializers-7.1.0.tgz 0ms (cache hit)
559 http cache pino-abstract-transport@https://registry.npmjs.org/pino-abstract-transport/-/pino-abstract-transport-3.0.0.tgz 0ms (cache hit)
560 http cache on-exit-leak-free@https://registry.npmjs.org/on-exit-leak-free/-/on-exit-leak-free-2.1.2.tgz 0ms (cache hit)
561 http cache atomic-sleep@https://registry.npmjs.org/atomic-sleep/-/atomic-sleep-1.0.0.tgz 0ms (cache hit)
562 http cache @pinojs/redact@https://registry.npmjs.org/@pinojs/redact/-/redact-0.4.0.tgz 0ms (cache hit)
563 http cache p-timeout@https://registry.npmjs.org/p-timeout/-/p-timeout-7.0.1.tgz 0ms (cache hit)
564 http cache eventemitter3@https://registry.npmjs.org/eventemitter3/-/eventemitter3-5.0.4.tgz 0ms (cache hit)
565 http cache @tokenizer/inflate@https://registry.npmjs.org/@tokenizer/inflate/-/inflate-0.4.1.tgz 0ms (cache hit)
566 http cache ms@https://registry.npmjs.org/ms/-/ms-2.1.3.tgz 0ms (cache hit)
567 http cache win-guid@https://registry.npmjs.org/win-guid/-/win-guid-0.2.1.tgz 0ms (cache hit)
568 http cache token-types@https://registry.npmjs.org/token-types/-/token-types-6.1.2.tgz 0ms (cache hit)
569 http cache uint8array-extras@https://registry.npmjs.org/uint8array-extras/-/uint8array-extras-1.5.0.tgz 0ms (cache hit)
570 http cache media-typer@https://registry.npmjs.org/media-typer/-/media-typer-1.1.0.tgz 0ms (cache hit)
571 http cache strtok3@https://registry.npmjs.org/strtok3/-/strtok3-10.3.4.tgz 0ms (cache hit)
572 http cache file-type@https://registry.npmjs.org/file-type/-/file-type-21.3.0.tgz 0ms (cache hit)
573 http cache debug@https://registry.npmjs.org/debug/-/debug-4.4.3.tgz 0ms (cache hit)
574 http cache content-type@https://registry.npmjs.org/content-type/-/content-type-1.0.5.tgz 0ms (cache hit)
575 http cache @tokenizer/token@https://registry.npmjs.org/@tokenizer/token/-/token-0.3.0.tgz 0ms (cache hit)
576 http cache @borewit/text-codec@https://registry.npmjs.org/@borewit/text-codec/-/text-codec-0.2.1.tgz 0ms (cache hit)
577 http cache curve25519-js@https://registry.npmjs.org/curve25519-js/-/curve25519-js-0.0.4.tgz 0ms (cache hit)
578 http cache hashery@https://registry.npmjs.org/hashery/-/hashery-1.4.0.tgz 0ms (cache hit)
579 http cache @keyv/serialize@https://registry.npmjs.org/@keyv/serialize/-/serialize-1.1.1.tgz 0ms (cache hit)
580 http cache @keyv/bigmap@https://registry.npmjs.org/@keyv/bigmap/-/bigmap-1.3.1.tgz 0ms (cache hit)
581 http cache qified@https://registry.npmjs.org/qified/-/qified-0.6.0.tgz 0ms (cache hit)
582 http cache @cacheable/utils@https://registry.npmjs.org/@cacheable/utils/-/utils-2.3.4.tgz 0ms (cache hit)
583 http cache @cacheable/memory@https://registry.npmjs.org/@cacheable/memory/-/memory-2.0.7.tgz 0ms (cache hit)
584 http cache tslib@https://registry.npmjs.org/tslib/-/tslib-2.8.1.tgz 0ms (cache hit)
585 http cache keyv@https://registry.npmjs.org/keyv/-/keyv-5.6.0.tgz 0ms (cache hit)
586 http cache hookified@https://registry.npmjs.org/hookified/-/hookified-1.15.1.tgz 0ms (cache hit)
587 http cache @hapi/hoek@https://registry.npmjs.org/@hapi/hoek/-/hoek-9.3.0.tgz 0ms (cache hit)
588 http cache ws@https://registry.npmjs.org/ws/-/ws-8.19.0.tgz 0ms (cache hit)
589 http cache protobufjs@https://registry.npmjs.org/protobufjs/-/protobufjs-7.5.4.tgz 0ms (cache hit)
590 http cache p-queue@https://registry.npmjs.org/p-queue/-/p-queue-9.1.0.tgz 0ms (cache hit)
591 http cache music-metadata@https://registry.npmjs.org/music-metadata/-/music-metadata-11.12.0.tgz 0ms (cache hit)
592 http cache lru-cache@https://registry.npmjs.org/lru-cache/-/lru-cache-11.2.6.tgz 0ms (cache hit)
593 http cache async-mutex@https://registry.npmjs.org/async-mutex/-/async-mutex-0.5.0.tgz 0ms (cache hit)
594 http cache @hapi/boom@https://registry.npmjs.org/@hapi/boom/-/boom-9.1.4.tgz 0ms (cache hit)
595 http cache @cacheable/node-cache@https://registry.npmjs.org/@cacheable/node-cache/-/node-cache-1.7.6.tgz 0ms (cache hit)
596 http cache pino@https://registry.npmjs.org/pino/-/pino-10.3.1.tgz 0ms (cache hit)
597 http cache sharp@https://registry.npmjs.org/sharp/-/sharp-0.34.5.tgz 0ms (cache hit)
598 http cache @whiskeysockets/baileys@https://registry.npmjs.org/@whiskeysockets/baileys/-/baileys-7.0.0-rc.9.tgz 0ms (cache hit)
599 http cache long@https://registry.npmjs.org/long/-/long-4.0.0.tgz 0ms (cache hit)
600 http cache qrcode-terminal@https://registry.npmjs.org/qrcode-terminal/-/qrcode-terminal-0.12.0.tgz 0ms (cache hit)
601 http cache @types/node@https://registry.npmjs.org/@types/node/-/node-10.17.60.tgz 0ms (cache hit)
602 http cache protobufjs@https://registry.npmjs.org/protobufjs/-/protobufjs-6.8.8.tgz 0ms (cache hit)
603 http cache thread-stream@https://registry.npmjs.org/thread-stream/-/thread-stream-3.1.0.tgz 0ms (cache hit)
604 http cache pino-abstract-transport@https://registry.npmjs.org/pino-abstract-transport/-/pino-abstract-transport-2.0.0.tgz 0ms (cache hit)
605 http cache pino@https://registry.npmjs.org/pino/-/pino-9.14.0.tgz 0ms (cache hit)
606 http cache cacheable@https://registry.npmjs.org/cacheable/-/cacheable-2.3.2.tgz 0ms (cache hit)
607 silly tarball no local data for p-timeout@https://registry.npmjs.org/p-timeout/-/p-timeout-7.0.1.tgz. Extracting by manifest.
608 silly tarball no local data for eventemitter3@https://registry.npmjs.org/eventemitter3/-/eventemitter3-5.0.4.tgz. Extracting by manifest.
609 silly tarball no local data for p-queue@https://registry.npmjs.org/p-queue/-/p-queue-9.1.0.tgz. Extracting by manifest.
610 silly tarball no local data for lru-cache@https://registry.npmjs.org/lru-cache/-/lru-cache-11.2.6.tgz. Extracting by manifest.
611 silly tarball no local data for @whiskeysockets/baileys@https://registry.npmjs.org/@whiskeysockets/baileys/-/baileys-7.0.0-rc.9.tgz. Extracting by manifest.
612 http fetch GET 200 https://registry.npmjs.org/p-timeout/-/p-timeout-7.0.1.tgz 91ms (cache miss)
613 http fetch GET 200 https://registry.npmjs.org/eventemitter3/-/eventemitter3-5.0.4.tgz 235ms (cache miss)
614 http fetch GET 200 https://registry.npmjs.org/p-queue/-/p-queue-9.1.0.tgz 264ms (cache miss)
615 http fetch POST 200 https://registry.npmjs.org/-/npm/v1/security/advisories/bulk 314ms
616 silly audit report {}
617 http fetch GET 200 https://registry.npmjs.org/lru-cache/-/lru-cache-11.2.6.tgz 308ms (cache miss)
618 http fetch GET 200 https://codeload.github.com/whiskeysockets/libsignal-node/tar.gz/1c30d7d7e76a3b0aa120b04dc6a26f5a12dccf67 408ms (cache revalidated)
619 silly packumentCache heap:4496293888 maxSize:1124073472 maxEntrySize:562036736
620 http fetch GET 200 https://registry.npmjs.org/@whiskeysockets/baileys/-/baileys-7.0.0-rc.9.tgz 557ms (cache miss)
621 info run @whiskeysockets/baileys@7.0.0-rc.9 preinstall node_modules/@whiskeysockets/baileys node ./engine-requirements.js
622 info run @whiskeysockets/baileys@7.0.0-rc.9 preinstall { code: 0, signal: null }
623 info run sharp@0.34.5 install node_modules/sharp node install/check.js || npm run build
624 info run sharp@0.34.5 install { code: 0, signal: null }
625 info run protobufjs@7.5.4 postinstall node_modules/protobufjs node scripts/postinstall
626 info run protobufjs@6.8.8 postinstall node_modules/libsignal/node_modules/protobufjs node scripts/postinstall
627 info run protobufjs@6.8.8 postinstall { code: 0, signal: null }
628 info run protobufjs@7.5.4 postinstall { code: 0, signal: null }
629 silly ADD node_modules/@types/long
630 silly ADD node_modules/ieee754
631 silly ADD node_modules/semver
632 silly ADD node_modules/detect-libc
633 silly ADD node_modules/@img/colour
634 silly ADD node_modules/undici-types
635 silly ADD node_modules/long
636 silly ADD node_modules/@types/node
637 silly ADD node_modules/@protobufjs/utf8
638 silly ADD node_modules/@protobufjs/pool
639 silly ADD node_modules/@protobufjs/path
640 silly ADD node_modules/@protobufjs/inquire
641 silly ADD node_modules/@protobufjs/float
642 silly ADD node_modules/@protobufjs/fetch
643 silly ADD node_modules/@protobufjs/eventemitter
644 silly ADD node_modules/@protobufjs/codegen
645 silly ADD node_modules/@protobufjs/base64
646 silly ADD node_modules/@protobufjs/aspromise
647 silly ADD node_modules/split2
648 silly ADD node_modules/thread-stream
649 silly ADD node_modules/sonic-boom
650 silly ADD node_modules/safe-stable-stringify
651 silly ADD node_modules/real-require
652 silly ADD node_modules/quick-format-unescaped
653 silly ADD node_modules/process-warning
654 silly ADD node_modules/pino-std-serializers
655 silly ADD node_modules/pino-abstract-transport
656 silly ADD node_modules/on-exit-leak-free
657 silly ADD node_modules/atomic-sleep
658 silly ADD node_modules/@pinojs/redact
659 silly ADD node_modules/p-timeout
660 silly ADD node_modules/eventemitter3
661 silly ADD node_modules/@tokenizer/inflate
662 silly ADD node_modules/ms
663 silly ADD node_modules/win-guid
664 silly ADD node_modules/uint8array-extras
665 silly ADD node_modules/token-types
666 silly ADD node_modules/strtok3
667 silly ADD node_modules/media-typer
668 silly ADD node_modules/file-type
669 silly ADD node_modules/debug
670 silly ADD node_modules/content-type
671 silly ADD node_modules/@tokenizer/token
672 silly ADD node_modules/@borewit/text-codec
673 silly ADD node_modules/curve25519-js
674 silly ADD node_modules/@keyv/serialize
675 silly ADD node_modules/hashery
676 silly ADD node_modules/@keyv/bigmap
677 silly ADD node_modules/qified
678 silly ADD node_modules/@cacheable/utils
679 silly ADD node_modules/@cacheable/memory
680 silly ADD node_modules/tslib
681 silly ADD node_modules/@hapi/hoek
682 silly ADD node_modules/keyv
683 silly ADD node_modules/hookified
684 silly ADD node_modules/cacheable
685 silly ADD node_modules/ws
686 silly ADD node_modules/protobufjs
687 silly ADD node_modules/p-queue
688 silly ADD node_modules/music-metadata
689 silly ADD node_modules/lru-cache
690 silly ADD node_modules/libsignal
691 silly ADD node_modules/libsignal/node_modules/long
692 silly ADD node_modules/libsignal/node_modules/@types/node
693 silly ADD node_modules/libsignal/node_modules/protobufjs
694 silly ADD node_modules/async-mutex
695 silly ADD node_modules/@hapi/boom
696 silly ADD node_modules/@cacheable/node-cache
697 silly ADD node_modules/qrcode-terminal
698 silly ADD node_modules/pino
699 silly ADD node_modules/sharp
700 silly ADD node_modules/@whiskeysockets/baileys
701 silly ADD node_modules/@whiskeysockets/baileys/node_modules/thread-stream
702 silly ADD node_modules/@whiskeysockets/baileys/node_modules/pino-abstract-transport
703 silly ADD node_modules/@whiskeysockets/baileys/node_modules/pino
704 verbose cwd /Users/dcaric/Working/ml/AntigravityMessages
705 verbose os Darwin 25.3.0
706 verbose node v24.5.0
707 verbose npm  v11.5.1
708 verbose exit 0
709 info ok
